python3: can't open file '/root/mallapi/manage.py': [Errno 2] No such file or directory
python3: can't open file '/root/mallapi/manage.py': [Errno 2] No such file or directory
System check identified some issues:

WARNINGS:
?: (staticfiles.W004) The directory '/root/static' in the STATICFILES_DIRS setting does not exist.
📥 라띠 상품 수집 시작~
📥 운영용 ZIP 다운로드 중...
🔍 응답 상태 코드: 200
🔍 응답 헤더: {'Content-Type': 'application/x-zip-compressed', 'Last-Modified': 'Thu, 22 May 2025 21:03:45 GMT', 'Accept-Ranges': 'bytes', 'ETag': '"272c5215dcbdb1:0"', 'Server': 'Microsoft-IIS/8.5', 'X-Powered-By': 'ASP.NET', 'X-Powered-By-Plesk': 'PleskWin', 'Date': 'Fri, 23 May 2025 17:00:05 GMT', 'Content-Length': '946326'}
Traceback (most recent call last):
  File "/root/venv/lib/python3.10/site-packages/django/db/backends/utils.py", line 105, in _execute
    return self.cursor.execute(sql, params)
  File "/root/venv/lib/python3.10/site-packages/django/db/backends/sqlite3/base.py", line 360, in execute
    return super().execute(query, params)
sqlite3.OperationalError: database is locked

The above exception was the direct cause of the following exception:

Traceback (most recent call last):
  File "/root/manage.py", line 22, in <module>
    main()
  File "/root/manage.py", line 18, in main
    execute_from_command_line(sys.argv)
  File "/root/venv/lib/python3.10/site-packages/django/core/management/__init__.py", line 442, in execute_from_command_line
    utility.execute()
  File "/root/venv/lib/python3.10/site-packages/django/core/management/__init__.py", line 436, in execute
    self.fetch_command(subcommand).run_from_argv(self.argv)
  File "/root/venv/lib/python3.10/site-packages/django/core/management/base.py", line 416, in run_from_argv
    self.execute(*args, **cmd_options)
  File "/root/venv/lib/python3.10/site-packages/django/core/management/base.py", line 460, in execute
    output = self.handle(*args, **options)
  File "/root/shop/management/commands/fetch_and_register_latti.py", line 11, in handle
    fetch_latti_raw_products_optimized()
  File "/root/shop/services/product/latti.py", line 51, in fetch_latti_raw_products_optimized
    raw = RawProduct.objects.update_or_create(
  File "/root/venv/lib/python3.10/site-packages/django/db/models/manager.py", line 87, in manager_method
    return getattr(self.get_queryset(), name)(*args, **kwargs)
  File "/root/venv/lib/python3.10/site-packages/django/db/models/query.py", line 1012, in update_or_create
    obj.save(using=self.db, update_fields=update_fields)
  File "/root/venv/lib/python3.10/site-packages/django/db/models/base.py", line 902, in save
    self.save_base(
  File "/root/venv/lib/python3.10/site-packages/django/db/models/base.py", line 1008, in save_base
    updated = self._save_table(
  File "/root/venv/lib/python3.10/site-packages/django/db/models/base.py", line 1138, in _save_table
    updated = self._do_update(
  File "/root/venv/lib/python3.10/site-packages/django/db/models/base.py", line 1203, in _do_update
    return filtered._update(values) > 0
  File "/root/venv/lib/python3.10/site-packages/django/db/models/query.py", line 1284, in _update
    return query.get_compiler(self.db).execute_sql(ROW_COUNT)
  File "/root/venv/lib/python3.10/site-packages/django/db/models/sql/compiler.py", line 2060, in execute_sql
    row_count = super().execute_sql(result_type)
  File "/root/venv/lib/python3.10/site-packages/django/db/models/sql/compiler.py", line 1623, in execute_sql
    cursor.execute(sql, params)
  File "/root/venv/lib/python3.10/site-packages/django/db/backends/utils.py", line 122, in execute
    return super().execute(sql, params)
  File "/root/venv/lib/python3.10/site-packages/django/db/backends/utils.py", line 79, in execute
    return self._execute_with_wrappers(
  File "/root/venv/lib/python3.10/site-packages/django/db/backends/utils.py", line 92, in _execute_with_wrappers
    return executor(sql, params, many, context)
  File "/root/venv/lib/python3.10/site-packages/django/db/backends/utils.py", line 100, in _execute
    with self.db.wrap_database_errors:
  File "/root/venv/lib/python3.10/site-packages/django/db/utils.py", line 91, in __exit__
    raise dj_exc_value.with_traceback(traceback) from exc_value
  File "/root/venv/lib/python3.10/site-packages/django/db/backends/utils.py", line 105, in _execute
    return self.cursor.execute(sql, params)
  File "/root/venv/lib/python3.10/site-packages/django/db/backends/sqlite3/base.py", line 360, in execute
    return super().execute(query, params)
django.db.utils.OperationalError: database is locked
System check identified some issues:

WARNINGS:
?: (staticfiles.W004) The directory '/root/static' in the STATICFILES_DIRS setting does not exist.
📥 라띠 상품 수집 시작~
📥 운영용 ZIP 다운로드 중...
🔍 응답 상태 코드: 200
🔍 응답 헤더: {'Content-Type': 'application/x-zip-compressed', 'Last-Modified': 'Thu, 22 May 2025 21:03:45 GMT', 'Accept-Ranges': 'bytes', 'ETag': '"272c5215dcbdb1:0"', 'Server': 'Microsoft-IIS/8.5', 'X-Powered-By': 'ASP.NET', 'X-Powered-By-Plesk': 'PleskWin', 'Date': 'Fri, 23 May 2025 17:02:02 GMT', 'Content-Length': '946326'}
✅ 최적화 저장 완료: 상품 5468건
🛠️ 원본 → 가공상품 전환 시작~
❌ [실패] AB01XPS2530X001: 치환 실패 - 브랜드: COSTARELLOS, 카테고리: D/AB/DRESS, 원산지: 
❌ [실패] AB01XA0401XX007: 치환 실패 - 브랜드: ALBERTA FERRETTI, 카테고리: D/AB/DRESS, 원산지: 
❌ [실패] AB04XALOES-P001: 치환 실패 - 브랜드: PIERRE LOUIS MASCIA, 카테고리: D/AB/SHIRT, 원산지: 
❌ [실패] AB04X556MLMR001: 치환 실패 - 브랜드: XACUS, 카테고리: U/AB/SHIRT, 원산지: 
❌ [실패] AB04X556MLAF001: 치환 실패 - 브랜드: XACUS, 카테고리: U/AB/SHIRT, 원산지: 
❌ [실패] AB05X2SVS20B001: 치환 실패 - 브랜드: TAGLIATORE, 카테고리: U/AB/COAT, 원산지: 
❌ [실패] AB07X2FNA22B002: 치환 실패 - 브랜드: TAGLIATORE, 카테고리: U/AB/JACKET, 원산지: 
❌ [실패] AB01X5B3VA9M001: 치환 실패 - 브랜드: VALENTINO, 카테고리: D/AB/DRESS, 원산지: 
❌ [실패] AB13CKS10098003: 치환 실패 - 브랜드: KONGES SLOJD, 카테고리: K/AB/TROUSERS Colore unico, 원산지: 
❌ [실패] AB07XEFBR18A006: 치환 실패 - 브랜드: TAGLIATORE, 카테고리: U/AB/JACKET, 원산지: 
❌ [실패] AB07XEFBR18A007: 치환 실패 - 브랜드: TAGLIATORE, 카테고리: U/AB/JACKET, 원산지: 
❌ [실패] AB07XGWP0226001: 치환 실패 - 브랜드: GOLDEN GOOSE, 카테고리: D/AB/JACKET, 원산지: 
❌ [실패] AB07XSE25-20001: 치환 실패 - 브랜드: SWORD, 카테고리: D/AB/JACKET, 원산지: 
❌ [실패] AB03XBE0183X001: 치환 실패 - 브랜드: ACNE, 카테고리: U/AB/SHORT, 원산지: 
❌ [실패] AB07X2346XXX005: 치환 실패 - 브랜드: LUIGI BIANCHI, 카테고리: U/AB/JACKET, 원산지: 
❌ [실패] AB07X2SVS22B003: 치환 실패 - 브랜드: TAGLIATORE, 카테고리: U/AB/JACKET, 원산지: 
❌ [실패] AB08X1331XXX011: 치환 실패 - 브랜드: LUIGI BIANCHI, 카테고리: U/AB/VEST, 원산지: 
❌ [실패] AB08X1331XXX015: 치환 실패 - 브랜드: LUIGI BIANCHI, 카테고리: U/AB/VEST, 원산지: 
❌ [실패] AB13C312-957001: 치환 실패 - 브랜드: RALPH LAUREN, 카테고리: K/AB/TROUSERS Colore unico, 원산지: 
❌ [실패] AB16XFEDERIC002: 치환 실패 - 브랜드: FLORA, 카테고리: D/AB/WEDDING, 원산지: 
❌ [실패] AB10CCNM00L_002: 치환 실패 - 브랜드: CP COMPANY, 카테고리: K/AB/JERSEY Colore unico, 원산지: 
❌ [실패] AB13XA19183X001: 치환 실패 - 브랜드: DIESEL, 카테고리: D/AB/TROUSERS, 원산지: 
❌ [실패] AB21CEM00045002: 치환 실패 - 브랜드: EMPORIO ARMANI, 카테고리: U/AB/SUIT Colore unico, 원산지: 
❌ [실패] AB21X28QCGNX008: 치환 실패 - 브랜드: ZEGNA, 카테고리: U/AB/SUIT, 원산지: 
❌ [실패] AB16XA2300XX001: 치환 실패 - 브랜드: CARLA, 카테고리: D/AB/WEDDING, 원산지: 
❌ [실패] AB16XCASQUET001: 치환 실패 - 브랜드: ROSA CLARA, 카테고리: D/AB/WEDDING, 원산지: 
❌ [실패] AB16XLAMYAXX001: 치환 실패 - 브랜드: NICOLE, 카테고리: D/AB/WEDDING, 원산지: 
❌ [실패] AB16XDUSAXXX001: 치환 실패 - 브랜드: ROSACLARA BOHEME, 카테고리: D/AB/WEDDING, 원산지: 
❌ [실패] AB16XENNISXX001: 치환 실패 - 브랜드: ROSA CLARA, 카테고리: D/AB/WEDDING, 원산지: 
❌ [실패] AB16XERMAXXX001: 치환 실패 - 브랜드: ROSA CLARA, 카테고리: D/AB/WEDDING, 원산지: 
❌ [실패] AB01X6B3VDKK001: 치환 실패 - 브랜드: VALENTINO, 카테고리: D/AB/DRESS, 원산지: 
❌ [실패] AB16XSIMONE 001: 치환 실패 - 브랜드: FLORA, 카테고리: D/AB/WEDDING, 원산지: 
❌ [실패] AB18CP24TT08002: 치환 실패 - 브랜드: IL GUFO, 카테고리: K/AB/TOP Colore unico, 원산지: 
❌ [실패] AB16XCAPE LA001: 치환 실패 - 브랜드: NICOLE, 카테고리: D/AB/WEDDING, 원산지: 
❌ [실패] AB01XPS2573X001: 치환 실패 - 브랜드: COSTARELLOS, 카테고리: D/AB/DRESS, 원산지: 
❌ [실패] AB16XDORINAX001: 치환 실패 - 브랜드: ROSACLARA BOHEME, 카테고리: D/AB/WEDDING, 원산지: 
❌ [실패] AB16XNOAHXXX001: 치환 실패 - 브랜드: VERA WANG, 카테고리: D/AB/WEDDING, 원산지: 
❌ [실패] AB16XSOFIEXX001: 치환 실패 - 브랜드: JENNY PACKHAM, 카테고리: D/AB/WEDDING, 원산지: 
❌ [실패] AB22X392XXXX001: 치환 실패 - 브랜드: EXTREME CASHMERE, 카테고리: D/AB/T-SHIRT, 원산지: 
❌ [실패] AB03XFLP369X001: 치환 실패 - 브랜드: FENDI, 카테고리: U/AB/SHORT, 원산지: 
❌ [실패] AB04X5V0ABT9001: 치환 실패 - 브랜드: VALENTINO, 카테고리: U/AB/SHIRT, 원산지: 
❌ [실패] AB07X3FNJ22B001: 치환 실패 - 브랜드: TAGLIATORE, 카테고리: U/AB/JACKET, 원산지: 
❌ [실패] AB07XEFBR15A004: 치환 실패 - 브랜드: TAGLIATORE, 카테고리: U/AB/JACKET, 원산지: 
❌ [실패] AB07XEFNJ15A001: 치환 실패 - 브랜드: TAGLIATORE, 카테고리: U/AB/JACKET, 원산지: 
❌ [실패] AB04X6V3ABQ6001: 치환 실패 - 브랜드: VALENTINO, 카테고리: U/AB/SHIRT, 원산지: 
❌ [실패] AB03CKS10007004: 치환 실패 - 브랜드: KONGES SLOJD, 카테고리: K/AB/SHORT Colore unico, 원산지: 
❌ [실패] AB08XWMUS8JM002: 치환 실패 - 브랜드: CARUSO, 카테고리: U/AB/VEST, 원산지: 
❌ [실패] AB13XAA9P114001: 치환 실패 - 브랜드: ALAIA, 카테고리: D/AB/TROUSERS, 원산지: 
❌ [실패] AB07X3FNJ22B003: 치환 실패 - 브랜드: TAGLIATORE, 카테고리: U/AB/JACKET, 원산지: 
❌ [실패] AB08C322-956001: 치환 실패 - 브랜드: RALPH LAUREN, 카테고리: K/AB/VEST Colore unico, 원산지: 
❌ [실패] AB08XWMUS8JM001: 치환 실패 - 브랜드: CARUSO, 카테고리: U/AB/VEST, 원산지: 
❌ [실패] AB16XMARESXX001: 치환 실패 - 브랜드: ROSA CLARA COUTURE, 카테고리: D/AB/WEDDING, 원산지: 
❌ [실패] AB16XMARISMA001: 치환 실패 - 브랜드: ROSA CLARA COUTURE, 카테고리: D/AB/WEDDING, 원산지: 
❌ [실패] AB16XPANTALO001: 치환 실패 - 브랜드: HELENA, 카테고리: D/AB/WEDDING, 원산지: 
❌ [실패] AB13XCOATMAZ001: 치환 실패 - 브랜드: PT TORINO, 카테고리: U/AB/TROUSERS, 원산지: 
❌ [실패] AB03XBE0186X001: 치환 실패 - 브랜드: ACNE, 카테고리: U/AB/SHORT, 원산지: 
❌ [실패] AB21XLN1JM21001: 치환 실패 - 브랜드: CARUSO, 카테고리: U/AB/SUIT, 원산지: 
❌ [실패] AB16XKAYSAXX001: 치환 실패 - 브랜드: ROSACLARA SOFT, 카테고리: D/AB/WEDDING, 원산지: 
❌ [실패] AB16XOSKARIX001: 치환 실패 - 브랜드: JENNY PACKHAM, 카테고리: D/AB/WEDDING, 원산지: 
❌ [실패] AB22C9548C00010: 치환 실패 - 브랜드: MONCLER, 카테고리: K/AB/T-SHIRT Colore unico, 원산지: 
❌ [실패] AB04X538MLRC002: 치환 실패 - 브랜드: XACUS, 카테고리: U/AB/SHIRT, 원산지: 
❌ [실패] AB18X6B0AEAL001: 치환 실패 - 브랜드: VALENTINO, 카테고리: D/AB/TOP, 원산지: 
❌ [실패] AB21XMB400LD001: 치환 실패 - 브랜드: BRUNELLO CUCINELLI, 카테고리: U/AB/SUIT, 원산지: 
❌ [실패] AB21X282KGQX001: 치환 실패 - 브랜드: ZEGNA, 카테고리: U/AB/SUIT, 원산지: 
❌ [실패] AB01X816098X001: 치환 실패 - 브랜드: ALEXANDER MCQUEEN, 카테고리: D/AB/DRESS, 원산지: 
❌ [실패] AB22CCRM002X002: 치환 실패 - 브랜드: CP COMPANY, 카테고리: K/AB/T-SHIRT Colore unico, 원산지: 
❌ [실패] AB09X6B3RACV001: 치환 실패 - 브랜드: VALENTINO, 카테고리: D/AB/SKIRT, 원산지: 
❌ [실패] AB04X6B3AB7A001: 치환 실패 - 브랜드: VALENTINO, 카테고리: D/AB/SHIRT, 원산지: 
❌ [실패] AB04X6B3AEAB001: 치환 실패 - 브랜드: VALENTINO, 카테고리: D/AB/SHIRT, 원산지: 
❌ [실패] AB23CK1S1661012: 치환 실패 - 브랜드: STONE ISLAND, 카테고리: K/AB/SWEATSHIRT Colore unico, 원산지: 
❌ [실패] AB07X2FNJ22B001: 치환 실패 - 브랜드: TAGLIATORE, 카테고리: U/AB/JACKET, 원산지: 
❌ [실패] AB07XEFBR18A009: 치환 실패 - 브랜드: TAGLIATORE, 카테고리: U/AB/JACKET, 원산지: 
❌ [실패] AB04CW04XDRW001: 치환 실패 - 브랜드: BONPOINT, 카테고리: K/AB/SHIRT Colore unico, 원산지: 
❌ [실패] AB04X546MLCF001: 치환 실패 - 브랜드: XACUS, 카테고리: U/AB/SHIRT, 원산지: 
❌ [실패] AB04X556MLMA001: 치환 실패 - 브랜드: XACUS, 카테고리: U/AB/SHIRT, 원산지: 
❌ [실패] AB13X8392XXX004: 치환 실패 - 브랜드: LUIGI BIANCHI, 카테고리: U/AB/TROUSERS, 원산지: 
❌ [실패] AB16XEMSLEYX001: 치환 실패 - 브랜드: NICOLE COLET, 카테고리: D/AB/WEDDING, 원산지: 
❌ [실패] AB16XST2312X001: 치환 실패 - 브랜드: CARLA, 카테고리: D/AB/WEDDING, 원산지: 
❌ [실패] AB16XENYAXXX001: 치환 실패 - 브랜드: ROSA CLARA, 카테고리: D/AB/WEDDING, 원산지: 
❌ [실패] AB22CCOM00LX004: 치환 실패 - 브랜드: CP COMPANY, 카테고리: K/AB/T-SHIRT Colore unico, 원산지: 
❌ [실패] AB13CEM00012005: 치환 실패 - 브랜드: EMPORIO ARMANI, 카테고리: U/AB/TROUSERS Colore unico, 원산지: 
❌ [실패] AB23C322-958002: 치환 실패 - 브랜드: RALPH LAUREN, 카테고리: K/AB/SWEATSHIRT Colore unico, 원산지: 
❌ [실패] AB16XEVORAXX001: 치환 실패 - 브랜드: NICOLE COLET, 카테고리: D/AB/WEDDING, 원산지: 
❌ [실패] AB16XKIENAXX001: 치환 실패 - 브랜드: NICOLE, 카테고리: D/AB/WEDDING, 원산지: 
❌ [실패] AB16XV2306EU001: 치환 실패 - 브랜드: CARLA, 카테고리: D/AB/WEDDING, 원산지: 
❌ [실패] AB22XRU01E52002: 치환 실패 - 브랜드: RICK OWENS, 카테고리: U/AB/T-SHIRT, 원산지: 
❌ [실패] AB07X3FNJ22B002: 치환 실패 - 브랜드: TAGLIATORE, 카테고리: U/AB/JACKET, 원산지: 
❌ [실패] AB07XEFBR15A002: 치환 실패 - 브랜드: TAGLIATORE, 카테고리: U/AB/JACKET, 원산지: 
❌ [실패] AB07XEFBR18A005: 치환 실패 - 브랜드: TAGLIATORE, 카테고리: U/AB/JACKET, 원산지: 
❌ [실패] AB07XN43C2EX001: 치환 실패 - 브랜드: BOGLIOLI, 카테고리: U/AB/JACKET, 원산지: 
❌ [실패] AB09X5B0NIAM001: 치환 실패 - 브랜드: VALENTINO, 카테고리: D/AB/SKIRT, 원산지: 
❌ [실패] AB07X2SVS22B002: 치환 실패 - 브랜드: TAGLIATORE, 카테고리: U/AB/JACKET, 원산지: 
❌ [실패] AB07XEFBR15A003: 치환 실패 - 브랜드: TAGLIATORE, 카테고리: U/AB/JACKET, 원산지: 
❌ [실패] AB16XEVAXXXX001: 치환 실패 - 브랜드: JENNY PACKHAM, 카테고리: D/AB/WEDDING, 원산지: 
❌ [실패] AB22CCUM00NX001: 치환 실패 - 브랜드: CP COMPANY, 카테고리: K/AB/T-SHIRT Colore unico, 원산지: 
❌ [실패] AB22CCRM002_002: 치환 실패 - 브랜드: CP COMPANY, 카테고리: K/AB/T-SHIRT Colore unico, 원산지: 
❌ [실패] AB22XDH1EG01001: 치환 실패 - 브랜드: BALMAIN, 카테고리: U/AB/T-SHIRT, 원산지: 
❌ [실패] AB07XEFBR18A008: 치환 실패 - 브랜드: TAGLIATORE, 카테고리: U/AB/JACKET, 원산지: 
❌ [실패] AL05X1K3AC99001: 치환 실패 - 브랜드: MISSONI, 카테고리: D/AL/HOME, 원산지: 
Traceback (most recent call last):
  File "/root/venv/lib/python3.10/site-packages/django/db/models/query.py", line 946, in get_or_create
    return self.get(**kwargs), False
  File "/root/venv/lib/python3.10/site-packages/django/db/models/query.py", line 633, in get
    raise self.model.DoesNotExist(
shop.models.Product.DoesNotExist: Product matching query does not exist.

During handling of the above exception, another exception occurred:

Traceback (most recent call last):
  File "/root/manage.py", line 22, in <module>
    main()
  File "/root/manage.py", line 18, in main
    execute_from_command_line(sys.argv)
  File "/root/venv/lib/python3.10/site-packages/django/core/management/__init__.py", line 442, in execute_from_command_line
    utility.execute()
  File "/root/venv/lib/python3.10/site-packages/django/core/management/__init__.py", line 436, in execute
    self.fetch_command(subcommand).run_from_argv(self.argv)
  File "/root/venv/lib/python3.10/site-packages/django/core/management/base.py", line 416, in run_from_argv
    self.execute(*args, **cmd_options)
  File "/root/venv/lib/python3.10/site-packages/django/core/management/base.py", line 460, in execute
    output = self.handle(*args, **options)
  File "/root/shop/management/commands/fetch_and_register_latti.py", line 13, in handle
    bulk_convert_or_update_products_by_retailer(retailer_code)
  File "/root/shop/services/product/conversion_service.py", line 139, in bulk_convert_or_update_products_by_retailer
    success = convert_or_update_product(raw_product)
  File "/root/shop/services/product/conversion_service.py", line 60, in convert_or_update_product
    product, created = Product.objects.update_or_create(
  File "/root/venv/lib/python3.10/site-packages/django/db/models/manager.py", line 87, in manager_method
    return getattr(self.get_queryset(), name)(*args, **kwargs)
  File "/root/venv/lib/python3.10/site-packages/django/db/models/query.py", line 988, in update_or_create
    obj, created = self.select_for_update().get_or_create(
  File "/root/venv/lib/python3.10/site-packages/django/db/models/query.py", line 953, in get_or_create
    return self.create(**params), True
  File "/root/venv/lib/python3.10/site-packages/django/db/models/query.py", line 663, in create
    obj.save(force_insert=True, using=self.db)
  File "/root/shop/models.py", line 110, in save
    markup = get_markup_from_product(self)
  File "/root/shop/utils/markup_util.py", line 11, in get_markup_from_product
    return BrandSetting.objects.get(
  File "/root/venv/lib/python3.10/site-packages/django/db/models/manager.py", line 87, in manager_method
    return getattr(self.get_queryset(), name)(*args, **kwargs)
  File "/root/venv/lib/python3.10/site-packages/django/db/models/query.py", line 619, in get
    clone = self._chain() if self.query.combinator else self.filter(*args, **kwargs)
  File "/root/venv/lib/python3.10/site-packages/django/db/models/query.py", line 1491, in filter
    return self._filter_or_exclude(False, args, kwargs)
  File "/root/venv/lib/python3.10/site-packages/django/db/models/query.py", line 1509, in _filter_or_exclude
    clone._filter_or_exclude_inplace(negate, args, kwargs)
  File "/root/venv/lib/python3.10/site-packages/django/db/models/query.py", line 1516, in _filter_or_exclude_inplace
    self._query.add_q(Q(*args, **kwargs))
  File "/root/venv/lib/python3.10/site-packages/django/db/models/sql/query.py", line 1643, in add_q
    clause, _ = self._add_q(q_object, can_reuse)
  File "/root/venv/lib/python3.10/site-packages/django/db/models/sql/query.py", line 1675, in _add_q
    child_clause, needed_inner = self.build_filter(
  File "/root/venv/lib/python3.10/site-packages/django/db/models/sql/query.py", line 1585, in build_filter
    condition = self.build_lookup(lookups, col, value)
  File "/root/venv/lib/python3.10/site-packages/django/db/models/sql/query.py", line 1417, in build_lookup
    raise ValueError("Cannot use None as a query value")
ValueError: Cannot use None as a query value
Exception ignored in: <generator object cursor_iter at 0x7fc0b0c44350>
Traceback (most recent call last):
  File "/root/venv/lib/python3.10/site-packages/django/db/models/sql/compiler.py", line 2174, in cursor_iter
    cursor.close()
sqlite3.ProgrammingError: Cannot operate on a closed database.
System check identified some issues:

WARNINGS:
?: (staticfiles.W004) The directory '/root/static' in the STATICFILES_DIRS setting does not exist.
📥 라띠 상품 수집 시작~
📥 운영용 ZIP 다운로드 중...
🔍 응답 상태 코드: 200
🔍 응답 헤더: {'Content-Type': 'application/x-zip-compressed', 'Last-Modified': 'Thu, 22 May 2025 21:03:45 GMT', 'Accept-Ranges': 'bytes', 'ETag': '"272c5215dcbdb1:0"', 'Server': 'Microsoft-IIS/8.5', 'X-Powered-By': 'ASP.NET', 'X-Powered-By-Plesk': 'PleskWin', 'Date': 'Fri, 23 May 2025 17:04:54 GMT', 'Content-Length': '946326'}
✅ 최적화 저장 완료: 상품 5468건
🛠️ 원본 → 가공상품 전환 시작~
❌ [실패] AB01XPS2530X001: 치환 실패 - 브랜드: COSTARELLOS, 카테고리: D/AB/DRESS, 원산지: 
❌ [실패] AB01XA0401XX007: 치환 실패 - 브랜드: ALBERTA FERRETTI, 카테고리: D/AB/DRESS, 원산지: 
❌ [실패] AB04XALOES-P001: 치환 실패 - 브랜드: PIERRE LOUIS MASCIA, 카테고리: D/AB/SHIRT, 원산지: 
❌ [실패] AB04X556MLMR001: 치환 실패 - 브랜드: XACUS, 카테고리: U/AB/SHIRT, 원산지: 
❌ [실패] AB04X556MLAF001: 치환 실패 - 브랜드: XACUS, 카테고리: U/AB/SHIRT, 원산지: 
❌ [실패] AB05X2SVS20B001: 치환 실패 - 브랜드: TAGLIATORE, 카테고리: U/AB/COAT, 원산지: 
❌ [실패] AB07X2FNA22B002: 치환 실패 - 브랜드: TAGLIATORE, 카테고리: U/AB/JACKET, 원산지: 
❌ [실패] AB01X5B3VA9M001: 치환 실패 - 브랜드: VALENTINO, 카테고리: D/AB/DRESS, 원산지: 
❌ [실패] AB13CKS10098003: 치환 실패 - 브랜드: KONGES SLOJD, 카테고리: K/AB/TROUSERS Colore unico, 원산지: 
❌ [실패] AB07XEFBR18A006: 치환 실패 - 브랜드: TAGLIATORE, 카테고리: U/AB/JACKET, 원산지: 
❌ [실패] AB07XEFBR18A007: 치환 실패 - 브랜드: TAGLIATORE, 카테고리: U/AB/JACKET, 원산지: 
❌ [실패] AB07XGWP0226001: 치환 실패 - 브랜드: GOLDEN GOOSE, 카테고리: D/AB/JACKET, 원산지: 
❌ [실패] AB07XSE25-20001: 치환 실패 - 브랜드: SWORD, 카테고리: D/AB/JACKET, 원산지: 
❌ [실패] AB03XBE0183X001: 치환 실패 - 브랜드: ACNE, 카테고리: U/AB/SHORT, 원산지: 
❌ [실패] AB07X2346XXX005: 치환 실패 - 브랜드: LUIGI BIANCHI, 카테고리: U/AB/JACKET, 원산지: 
❌ [실패] AB07X2SVS22B003: 치환 실패 - 브랜드: TAGLIATORE, 카테고리: U/AB/JACKET, 원산지: 
❌ [실패] AB08X1331XXX011: 치환 실패 - 브랜드: LUIGI BIANCHI, 카테고리: U/AB/VEST, 원산지: 
❌ [실패] AB08X1331XXX015: 치환 실패 - 브랜드: LUIGI BIANCHI, 카테고리: U/AB/VEST, 원산지: 
❌ [실패] AB13C312-957001: 치환 실패 - 브랜드: RALPH LAUREN, 카테고리: K/AB/TROUSERS Colore unico, 원산지: 
❌ [실패] AB16XFEDERIC002: 치환 실패 - 브랜드: FLORA, 카테고리: D/AB/WEDDING, 원산지: 
❌ [실패] AB10CCNM00L_002: 치환 실패 - 브랜드: CP COMPANY, 카테고리: K/AB/JERSEY Colore unico, 원산지: 
❌ [실패] AB13XA19183X001: 치환 실패 - 브랜드: DIESEL, 카테고리: D/AB/TROUSERS, 원산지: 
❌ [실패] AB21CEM00045002: 치환 실패 - 브랜드: EMPORIO ARMANI, 카테고리: U/AB/SUIT Colore unico, 원산지: 
❌ [실패] AB21X28QCGNX008: 치환 실패 - 브랜드: ZEGNA, 카테고리: U/AB/SUIT, 원산지: 
❌ [실패] AB16XA2300XX001: 치환 실패 - 브랜드: CARLA, 카테고리: D/AB/WEDDING, 원산지: 
❌ [실패] AB16XCASQUET001: 치환 실패 - 브랜드: ROSA CLARA, 카테고리: D/AB/WEDDING, 원산지: 
❌ [실패] AB16XLAMYAXX001: 치환 실패 - 브랜드: NICOLE, 카테고리: D/AB/WEDDING, 원산지: 
❌ [실패] AB16XDUSAXXX001: 치환 실패 - 브랜드: ROSACLARA BOHEME, 카테고리: D/AB/WEDDING, 원산지: 
❌ [실패] AB16XENNISXX001: 치환 실패 - 브랜드: ROSA CLARA, 카테고리: D/AB/WEDDING, 원산지: 
❌ [실패] AB16XERMAXXX001: 치환 실패 - 브랜드: ROSA CLARA, 카테고리: D/AB/WEDDING, 원산지: 
❌ [실패] AB01X6B3VDKK001: 치환 실패 - 브랜드: VALENTINO, 카테고리: D/AB/DRESS, 원산지: 
❌ [실패] AB16XSIMONE 001: 치환 실패 - 브랜드: FLORA, 카테고리: D/AB/WEDDING, 원산지: 
❌ [실패] AB18CP24TT08002: 치환 실패 - 브랜드: IL GUFO, 카테고리: K/AB/TOP Colore unico, 원산지: 
❌ [실패] AB16XCAPE LA001: 치환 실패 - 브랜드: NICOLE, 카테고리: D/AB/WEDDING, 원산지: 
❌ [실패] AB01XPS2573X001: 치환 실패 - 브랜드: COSTARELLOS, 카테고리: D/AB/DRESS, 원산지: 
❌ [실패] AB16XDORINAX001: 치환 실패 - 브랜드: ROSACLARA BOHEME, 카테고리: D/AB/WEDDING, 원산지: 
❌ [실패] AB16XNOAHXXX001: 치환 실패 - 브랜드: VERA WANG, 카테고리: D/AB/WEDDING, 원산지: 
❌ [실패] AB16XSOFIEXX001: 치환 실패 - 브랜드: JENNY PACKHAM, 카테고리: D/AB/WEDDING, 원산지: 
❌ [실패] AB22X392XXXX001: 치환 실패 - 브랜드: EXTREME CASHMERE, 카테고리: D/AB/T-SHIRT, 원산지: 
❌ [실패] AB03XFLP369X001: 치환 실패 - 브랜드: FENDI, 카테고리: U/AB/SHORT, 원산지: 
❌ [실패] AB04X5V0ABT9001: 치환 실패 - 브랜드: VALENTINO, 카테고리: U/AB/SHIRT, 원산지: 
❌ [실패] AB07X3FNJ22B001: 치환 실패 - 브랜드: TAGLIATORE, 카테고리: U/AB/JACKET, 원산지: 
❌ [실패] AB07XEFBR15A004: 치환 실패 - 브랜드: TAGLIATORE, 카테고리: U/AB/JACKET, 원산지: 
❌ [실패] AB07XEFNJ15A001: 치환 실패 - 브랜드: TAGLIATORE, 카테고리: U/AB/JACKET, 원산지: 
❌ [실패] AB04X6V3ABQ6001: 치환 실패 - 브랜드: VALENTINO, 카테고리: U/AB/SHIRT, 원산지: 
❌ [실패] AB03CKS10007004: 치환 실패 - 브랜드: KONGES SLOJD, 카테고리: K/AB/SHORT Colore unico, 원산지: 
❌ [실패] AB08XWMUS8JM002: 치환 실패 - 브랜드: CARUSO, 카테고리: U/AB/VEST, 원산지: 
❌ [실패] AB13XAA9P114001: 치환 실패 - 브랜드: ALAIA, 카테고리: D/AB/TROUSERS, 원산지: 
❌ [실패] AB07X3FNJ22B003: 치환 실패 - 브랜드: TAGLIATORE, 카테고리: U/AB/JACKET, 원산지: 
❌ [실패] AB08C322-956001: 치환 실패 - 브랜드: RALPH LAUREN, 카테고리: K/AB/VEST Colore unico, 원산지: 
❌ [실패] AB08XWMUS8JM001: 치환 실패 - 브랜드: CARUSO, 카테고리: U/AB/VEST, 원산지: 
❌ [실패] AB16XMARESXX001: 치환 실패 - 브랜드: ROSA CLARA COUTURE, 카테고리: D/AB/WEDDING, 원산지: 
❌ [실패] AB16XMARISMA001: 치환 실패 - 브랜드: ROSA CLARA COUTURE, 카테고리: D/AB/WEDDING, 원산지: 
❌ [실패] AB16XPANTALO001: 치환 실패 - 브랜드: HELENA, 카테고리: D/AB/WEDDING, 원산지: 
❌ [실패] AB13XCOATMAZ001: 치환 실패 - 브랜드: PT TORINO, 카테고리: U/AB/TROUSERS, 원산지: 
❌ [실패] AB03XBE0186X001: 치환 실패 - 브랜드: ACNE, 카테고리: U/AB/SHORT, 원산지: 
❌ [실패] AB21XLN1JM21001: 치환 실패 - 브랜드: CARUSO, 카테고리: U/AB/SUIT, 원산지: 
❌ [실패] AB16XKAYSAXX001: 치환 실패 - 브랜드: ROSACLARA SOFT, 카테고리: D/AB/WEDDING, 원산지: 
❌ [실패] AB16XOSKARIX001: 치환 실패 - 브랜드: JENNY PACKHAM, 카테고리: D/AB/WEDDING, 원산지: 
❌ [실패] AB22C9548C00010: 치환 실패 - 브랜드: MONCLER, 카테고리: K/AB/T-SHIRT Colore unico, 원산지: 
❌ [실패] AB04X538MLRC002: 치환 실패 - 브랜드: XACUS, 카테고리: U/AB/SHIRT, 원산지: 
❌ [실패] AB18X6B0AEAL001: 치환 실패 - 브랜드: VALENTINO, 카테고리: D/AB/TOP, 원산지: 
❌ [실패] AB21XMB400LD001: 치환 실패 - 브랜드: BRUNELLO CUCINELLI, 카테고리: U/AB/SUIT, 원산지: 
❌ [실패] AB21X282KGQX001: 치환 실패 - 브랜드: ZEGNA, 카테고리: U/AB/SUIT, 원산지: 
❌ [실패] AB01X816098X001: 치환 실패 - 브랜드: ALEXANDER MCQUEEN, 카테고리: D/AB/DRESS, 원산지: 
❌ [실패] AB22CCRM002X002: 치환 실패 - 브랜드: CP COMPANY, 카테고리: K/AB/T-SHIRT Colore unico, 원산지: 
❌ [실패] AB09X6B3RACV001: 치환 실패 - 브랜드: VALENTINO, 카테고리: D/AB/SKIRT, 원산지: 
❌ [실패] AB04X6B3AB7A001: 치환 실패 - 브랜드: VALENTINO, 카테고리: D/AB/SHIRT, 원산지: 
❌ [실패] AB04X6B3AEAB001: 치환 실패 - 브랜드: VALENTINO, 카테고리: D/AB/SHIRT, 원산지: 
❌ [실패] AB23CK1S1661012: 치환 실패 - 브랜드: STONE ISLAND, 카테고리: K/AB/SWEATSHIRT Colore unico, 원산지: 
❌ [실패] AB07X2FNJ22B001: 치환 실패 - 브랜드: TAGLIATORE, 카테고리: U/AB/JACKET, 원산지: 
❌ [실패] AB07XEFBR18A009: 치환 실패 - 브랜드: TAGLIATORE, 카테고리: U/AB/JACKET, 원산지: 
❌ [실패] AB04CW04XDRW001: 치환 실패 - 브랜드: BONPOINT, 카테고리: K/AB/SHIRT Colore unico, 원산지: 
❌ [실패] AB04X546MLCF001: 치환 실패 - 브랜드: XACUS, 카테고리: U/AB/SHIRT, 원산지: 
❌ [실패] AB04X556MLMA001: 치환 실패 - 브랜드: XACUS, 카테고리: U/AB/SHIRT, 원산지: 
❌ [실패] AB13X8392XXX004: 치환 실패 - 브랜드: LUIGI BIANCHI, 카테고리: U/AB/TROUSERS, 원산지: 
❌ [실패] AB16XEMSLEYX001: 치환 실패 - 브랜드: NICOLE COLET, 카테고리: D/AB/WEDDING, 원산지: 
❌ [실패] AB16XST2312X001: 치환 실패 - 브랜드: CARLA, 카테고리: D/AB/WEDDING, 원산지: 
❌ [실패] AB16XENYAXXX001: 치환 실패 - 브랜드: ROSA CLARA, 카테고리: D/AB/WEDDING, 원산지: 
❌ [실패] AB22CCOM00LX004: 치환 실패 - 브랜드: CP COMPANY, 카테고리: K/AB/T-SHIRT Colore unico, 원산지: 
❌ [실패] AB13CEM00012005: 치환 실패 - 브랜드: EMPORIO ARMANI, 카테고리: U/AB/TROUSERS Colore unico, 원산지: 
❌ [실패] AB23C322-958002: 치환 실패 - 브랜드: RALPH LAUREN, 카테고리: K/AB/SWEATSHIRT Colore unico, 원산지: 
❌ [실패] AB16XEVORAXX001: 치환 실패 - 브랜드: NICOLE COLET, 카테고리: D/AB/WEDDING, 원산지: 
❌ [실패] AB16XKIENAXX001: 치환 실패 - 브랜드: NICOLE, 카테고리: D/AB/WEDDING, 원산지: 
❌ [실패] AB16XV2306EU001: 치환 실패 - 브랜드: CARLA, 카테고리: D/AB/WEDDING, 원산지: 
❌ [실패] AB22XRU01E52002: 치환 실패 - 브랜드: RICK OWENS, 카테고리: U/AB/T-SHIRT, 원산지: 
❌ [실패] AB07X3FNJ22B002: 치환 실패 - 브랜드: TAGLIATORE, 카테고리: U/AB/JACKET, 원산지: 
❌ [실패] AB07XEFBR15A002: 치환 실패 - 브랜드: TAGLIATORE, 카테고리: U/AB/JACKET, 원산지: 
❌ [실패] AB07XEFBR18A005: 치환 실패 - 브랜드: TAGLIATORE, 카테고리: U/AB/JACKET, 원산지: 
❌ [실패] AB07XN43C2EX001: 치환 실패 - 브랜드: BOGLIOLI, 카테고리: U/AB/JACKET, 원산지: 
❌ [실패] AB09X5B0NIAM001: 치환 실패 - 브랜드: VALENTINO, 카테고리: D/AB/SKIRT, 원산지: 
❌ [실패] AB07X2SVS22B002: 치환 실패 - 브랜드: TAGLIATORE, 카테고리: U/AB/JACKET, 원산지: 
❌ [실패] AB07XEFBR15A003: 치환 실패 - 브랜드: TAGLIATORE, 카테고리: U/AB/JACKET, 원산지: 
❌ [실패] AB16XEVAXXXX001: 치환 실패 - 브랜드: JENNY PACKHAM, 카테고리: D/AB/WEDDING, 원산지: 
❌ [실패] AB22CCUM00NX001: 치환 실패 - 브랜드: CP COMPANY, 카테고리: K/AB/T-SHIRT Colore unico, 원산지: 
❌ [실패] AB22CCRM002_002: 치환 실패 - 브랜드: CP COMPANY, 카테고리: K/AB/T-SHIRT Colore unico, 원산지: 
❌ [실패] AB22XDH1EG01001: 치환 실패 - 브랜드: BALMAIN, 카테고리: U/AB/T-SHIRT, 원산지: 
❌ [실패] AB07XEFBR18A008: 치환 실패 - 브랜드: TAGLIATORE, 카테고리: U/AB/JACKET, 원산지: 
❌ [실패] AL05X1K3AC99001: 치환 실패 - 브랜드: MISSONI, 카테고리: D/AL/HOME, 원산지: 
Traceback (most recent call last):
  File "/root/venv/lib/python3.10/site-packages/django/db/models/query.py", line 946, in get_or_create
    return self.get(**kwargs), False
  File "/root/venv/lib/python3.10/site-packages/django/db/models/query.py", line 633, in get
    raise self.model.DoesNotExist(
shop.models.Product.DoesNotExist: Product matching query does not exist.

During handling of the above exception, another exception occurred:

Traceback (most recent call last):
  File "/root/manage.py", line 22, in <module>
    main()
  File "/root/manage.py", line 18, in main
    execute_from_command_line(sys.argv)
  File "/root/venv/lib/python3.10/site-packages/django/core/management/__init__.py", line 442, in execute_from_command_line
    utility.execute()
  File "/root/venv/lib/python3.10/site-packages/django/core/management/__init__.py", line 436, in execute
    self.fetch_command(subcommand).run_from_argv(self.argv)
  File "/root/venv/lib/python3.10/site-packages/django/core/management/base.py", line 416, in run_from_argv
    self.execute(*args, **cmd_options)
  File "/root/venv/lib/python3.10/site-packages/django/core/management/base.py", line 460, in execute
    output = self.handle(*args, **options)
  File "/root/shop/management/commands/fetch_and_register_latti.py", line 13, in handle
    bulk_convert_or_update_products_by_retailer(retailer_code)
  File "/root/shop/services/product/conversion_service.py", line 139, in bulk_convert_or_update_products_by_retailer
    success = convert_or_update_product(raw_product)
  File "/root/shop/services/product/conversion_service.py", line 60, in convert_or_update_product
    product, created = Product.objects.update_or_create(
  File "/root/venv/lib/python3.10/site-packages/django/db/models/manager.py", line 87, in manager_method
    return getattr(self.get_queryset(), name)(*args, **kwargs)
  File "/root/venv/lib/python3.10/site-packages/django/db/models/query.py", line 988, in update_or_create
    obj, created = self.select_for_update().get_or_create(
  File "/root/venv/lib/python3.10/site-packages/django/db/models/query.py", line 953, in get_or_create
    return self.create(**params), True
  File "/root/venv/lib/python3.10/site-packages/django/db/models/query.py", line 663, in create
    obj.save(force_insert=True, using=self.db)
  File "/root/shop/models.py", line 110, in save
    markup = get_markup_from_product(self)
  File "/root/shop/utils/markup_util.py", line 11, in get_markup_from_product
    return BrandSetting.objects.get(
  File "/root/venv/lib/python3.10/site-packages/django/db/models/manager.py", line 87, in manager_method
    return getattr(self.get_queryset(), name)(*args, **kwargs)
  File "/root/venv/lib/python3.10/site-packages/django/db/models/query.py", line 619, in get
    clone = self._chain() if self.query.combinator else self.filter(*args, **kwargs)
  File "/root/venv/lib/python3.10/site-packages/django/db/models/query.py", line 1491, in filter
    return self._filter_or_exclude(False, args, kwargs)
  File "/root/venv/lib/python3.10/site-packages/django/db/models/query.py", line 1509, in _filter_or_exclude
    clone._filter_or_exclude_inplace(negate, args, kwargs)
  File "/root/venv/lib/python3.10/site-packages/django/db/models/query.py", line 1516, in _filter_or_exclude_inplace
    self._query.add_q(Q(*args, **kwargs))
  File "/root/venv/lib/python3.10/site-packages/django/db/models/sql/query.py", line 1643, in add_q
    clause, _ = self._add_q(q_object, can_reuse)
  File "/root/venv/lib/python3.10/site-packages/django/db/models/sql/query.py", line 1675, in _add_q
    child_clause, needed_inner = self.build_filter(
  File "/root/venv/lib/python3.10/site-packages/django/db/models/sql/query.py", line 1585, in build_filter
    condition = self.build_lookup(lookups, col, value)
  File "/root/venv/lib/python3.10/site-packages/django/db/models/sql/query.py", line 1417, in build_lookup
    raise ValueError("Cannot use None as a query value")
ValueError: Cannot use None as a query value
Exception ignored in: <generator object cursor_iter at 0x7fea60484350>
Traceback (most recent call last):
  File "/root/venv/lib/python3.10/site-packages/django/db/models/sql/compiler.py", line 2174, in cursor_iter
    cursor.close()
sqlite3.ProgrammingError: Cannot operate on a closed database.
/root/fetch_latti_cron.sh: line 22: n: command not found
🛑 작업이 이미 실행 중입니다.
🕒 2025-05-24 04:00:01 - 작업 시작
System check identified some issues:

WARNINGS:
?: (staticfiles.W004) The directory '/root/static' in the STATICFILES_DIRS setting does not exist.
📥 라띠 상품 수집 시작~
📥 운영용 ZIP 다운로드 중...
🔍 응답 상태 코드: 200
🔍 응답 헤더: {'Content-Type': 'application/x-zip-compressed', 'Last-Modified': 'Thu, 22 May 2025 21:03:45 GMT', 'Accept-Ranges': 'bytes', 'ETag': '"272c5215dcbdb1:0"', 'Server': 'Microsoft-IIS/8.5', 'X-Powered-By': 'ASP.NET', 'X-Powered-By-Plesk': 'PleskWin', 'Date': 'Fri, 23 May 2025 19:00:02 GMT', 'Content-Length': '946326'}
✅ 최적화 저장 완료: 상품 5468건
🛠️ 원본 → 가공상품 전환 시작~
❌ [실패] AB01XPS2530X001: 치환 실패 - 브랜드: COSTARELLOS, 카테고리: D/AB/DRESS, 원산지: 
❌ [실패] AB01XA0401XX007: 치환 실패 - 브랜드: ALBERTA FERRETTI, 카테고리: D/AB/DRESS, 원산지: 
❌ [실패] AB04XALOES-P001: 치환 실패 - 브랜드: PIERRE LOUIS MASCIA, 카테고리: D/AB/SHIRT, 원산지: 
❌ [실패] AB04X556MLMR001: 치환 실패 - 브랜드: XACUS, 카테고리: U/AB/SHIRT, 원산지: 
❌ [실패] AB04X556MLAF001: 치환 실패 - 브랜드: XACUS, 카테고리: U/AB/SHIRT, 원산지: 
❌ [실패] AB05X2SVS20B001: 치환 실패 - 브랜드: TAGLIATORE, 카테고리: U/AB/COAT, 원산지: 
❌ [실패] AB07X2FNA22B002: 치환 실패 - 브랜드: TAGLIATORE, 카테고리: U/AB/JACKET, 원산지: 
❌ [실패] AB01X5B3VA9M001: 치환 실패 - 브랜드: VALENTINO, 카테고리: D/AB/DRESS, 원산지: 
❌ [실패] AB13CKS10098003: 치환 실패 - 브랜드: KONGES SLOJD, 카테고리: K/AB/TROUSERS Colore unico, 원산지: 
❌ [실패] AB07XEFBR18A006: 치환 실패 - 브랜드: TAGLIATORE, 카테고리: U/AB/JACKET, 원산지: 
❌ [실패] AB07XEFBR18A007: 치환 실패 - 브랜드: TAGLIATORE, 카테고리: U/AB/JACKET, 원산지: 
❌ [실패] AB07XGWP0226001: 치환 실패 - 브랜드: GOLDEN GOOSE, 카테고리: D/AB/JACKET, 원산지: 
❌ [실패] AB07XSE25-20001: 치환 실패 - 브랜드: SWORD, 카테고리: D/AB/JACKET, 원산지: 
❌ [실패] AB03XBE0183X001: 치환 실패 - 브랜드: ACNE, 카테고리: U/AB/SHORT, 원산지: 
❌ [실패] AB07X2346XXX005: 치환 실패 - 브랜드: LUIGI BIANCHI, 카테고리: U/AB/JACKET, 원산지: 
❌ [실패] AB07X2SVS22B003: 치환 실패 - 브랜드: TAGLIATORE, 카테고리: U/AB/JACKET, 원산지: 
❌ [실패] AB08X1331XXX011: 치환 실패 - 브랜드: LUIGI BIANCHI, 카테고리: U/AB/VEST, 원산지: 
❌ [실패] AB08X1331XXX015: 치환 실패 - 브랜드: LUIGI BIANCHI, 카테고리: U/AB/VEST, 원산지: 
❌ [실패] AB13C312-957001: 치환 실패 - 브랜드: RALPH LAUREN, 카테고리: K/AB/TROUSERS Colore unico, 원산지: 
❌ [실패] AB16XFEDERIC002: 치환 실패 - 브랜드: FLORA, 카테고리: D/AB/WEDDING, 원산지: 
❌ [실패] AB10CCNM00L_002: 치환 실패 - 브랜드: CP COMPANY, 카테고리: K/AB/JERSEY Colore unico, 원산지: 
❌ [실패] AB13XA19183X001: 치환 실패 - 브랜드: DIESEL, 카테고리: D/AB/TROUSERS, 원산지: 
❌ [실패] AB21CEM00045002: 치환 실패 - 브랜드: EMPORIO ARMANI, 카테고리: U/AB/SUIT Colore unico, 원산지: 
❌ [실패] AB21X28QCGNX008: 치환 실패 - 브랜드: ZEGNA, 카테고리: U/AB/SUIT, 원산지: 
❌ [실패] AB16XA2300XX001: 치환 실패 - 브랜드: CARLA, 카테고리: D/AB/WEDDING, 원산지: 
❌ [실패] AB16XCASQUET001: 치환 실패 - 브랜드: ROSA CLARA, 카테고리: D/AB/WEDDING, 원산지: 
❌ [실패] AB16XLAMYAXX001: 치환 실패 - 브랜드: NICOLE, 카테고리: D/AB/WEDDING, 원산지: 
❌ [실패] AB16XDUSAXXX001: 치환 실패 - 브랜드: ROSACLARA BOHEME, 카테고리: D/AB/WEDDING, 원산지: 
❌ [실패] AB16XENNISXX001: 치환 실패 - 브랜드: ROSA CLARA, 카테고리: D/AB/WEDDING, 원산지: 
❌ [실패] AB16XERMAXXX001: 치환 실패 - 브랜드: ROSA CLARA, 카테고리: D/AB/WEDDING, 원산지: 
❌ [실패] AB01X6B3VDKK001: 치환 실패 - 브랜드: VALENTINO, 카테고리: D/AB/DRESS, 원산지: 
❌ [실패] AB16XSIMONE 001: 치환 실패 - 브랜드: FLORA, 카테고리: D/AB/WEDDING, 원산지: 
❌ [실패] AB18CP24TT08002: 치환 실패 - 브랜드: IL GUFO, 카테고리: K/AB/TOP Colore unico, 원산지: 
❌ [실패] AB16XCAPE LA001: 치환 실패 - 브랜드: NICOLE, 카테고리: D/AB/WEDDING, 원산지: 
❌ [실패] AB01XPS2573X001: 치환 실패 - 브랜드: COSTARELLOS, 카테고리: D/AB/DRESS, 원산지: 
❌ [실패] AB16XDORINAX001: 치환 실패 - 브랜드: ROSACLARA BOHEME, 카테고리: D/AB/WEDDING, 원산지: 
❌ [실패] AB16XNOAHXXX001: 치환 실패 - 브랜드: VERA WANG, 카테고리: D/AB/WEDDING, 원산지: 
❌ [실패] AB16XSOFIEXX001: 치환 실패 - 브랜드: JENNY PACKHAM, 카테고리: D/AB/WEDDING, 원산지: 
❌ [실패] AB22X392XXXX001: 치환 실패 - 브랜드: EXTREME CASHMERE, 카테고리: D/AB/T-SHIRT, 원산지: 
❌ [실패] AB03XFLP369X001: 치환 실패 - 브랜드: FENDI, 카테고리: U/AB/SHORT, 원산지: 
❌ [실패] AB04X5V0ABT9001: 치환 실패 - 브랜드: VALENTINO, 카테고리: U/AB/SHIRT, 원산지: 
❌ [실패] AB07X3FNJ22B001: 치환 실패 - 브랜드: TAGLIATORE, 카테고리: U/AB/JACKET, 원산지: 
❌ [실패] AB07XEFBR15A004: 치환 실패 - 브랜드: TAGLIATORE, 카테고리: U/AB/JACKET, 원산지: 
❌ [실패] AB07XEFNJ15A001: 치환 실패 - 브랜드: TAGLIATORE, 카테고리: U/AB/JACKET, 원산지: 
❌ [실패] AB04X6V3ABQ6001: 치환 실패 - 브랜드: VALENTINO, 카테고리: U/AB/SHIRT, 원산지: 
❌ [실패] AB03CKS10007004: 치환 실패 - 브랜드: KONGES SLOJD, 카테고리: K/AB/SHORT Colore unico, 원산지: 
❌ [실패] AB08XWMUS8JM002: 치환 실패 - 브랜드: CARUSO, 카테고리: U/AB/VEST, 원산지: 
❌ [실패] AB13XAA9P114001: 치환 실패 - 브랜드: ALAIA, 카테고리: D/AB/TROUSERS, 원산지: 
❌ [실패] AB07X3FNJ22B003: 치환 실패 - 브랜드: TAGLIATORE, 카테고리: U/AB/JACKET, 원산지: 
❌ [실패] AB08C322-956001: 치환 실패 - 브랜드: RALPH LAUREN, 카테고리: K/AB/VEST Colore unico, 원산지: 
❌ [실패] AB08XWMUS8JM001: 치환 실패 - 브랜드: CARUSO, 카테고리: U/AB/VEST, 원산지: 
❌ [실패] AB16XMARESXX001: 치환 실패 - 브랜드: ROSA CLARA COUTURE, 카테고리: D/AB/WEDDING, 원산지: 
❌ [실패] AB16XMARISMA001: 치환 실패 - 브랜드: ROSA CLARA COUTURE, 카테고리: D/AB/WEDDING, 원산지: 
❌ [실패] AB16XPANTALO001: 치환 실패 - 브랜드: HELENA, 카테고리: D/AB/WEDDING, 원산지: 
❌ [실패] AB13XCOATMAZ001: 치환 실패 - 브랜드: PT TORINO, 카테고리: U/AB/TROUSERS, 원산지: 
❌ [실패] AB03XBE0186X001: 치환 실패 - 브랜드: ACNE, 카테고리: U/AB/SHORT, 원산지: 
❌ [실패] AB21XLN1JM21001: 치환 실패 - 브랜드: CARUSO, 카테고리: U/AB/SUIT, 원산지: 
❌ [실패] AB16XKAYSAXX001: 치환 실패 - 브랜드: ROSACLARA SOFT, 카테고리: D/AB/WEDDING, 원산지: 
❌ [실패] AB16XOSKARIX001: 치환 실패 - 브랜드: JENNY PACKHAM, 카테고리: D/AB/WEDDING, 원산지: 
❌ [실패] AB22C9548C00010: 치환 실패 - 브랜드: MONCLER, 카테고리: K/AB/T-SHIRT Colore unico, 원산지: 
❌ [실패] AB04X538MLRC002: 치환 실패 - 브랜드: XACUS, 카테고리: U/AB/SHIRT, 원산지: 
❌ [실패] AB18X6B0AEAL001: 치환 실패 - 브랜드: VALENTINO, 카테고리: D/AB/TOP, 원산지: 
❌ [실패] AB21XMB400LD001: 치환 실패 - 브랜드: BRUNELLO CUCINELLI, 카테고리: U/AB/SUIT, 원산지: 
❌ [실패] AB21X282KGQX001: 치환 실패 - 브랜드: ZEGNA, 카테고리: U/AB/SUIT, 원산지: 
❌ [실패] AB01X816098X001: 치환 실패 - 브랜드: ALEXANDER MCQUEEN, 카테고리: D/AB/DRESS, 원산지: 
❌ [실패] AB22CCRM002X002: 치환 실패 - 브랜드: CP COMPANY, 카테고리: K/AB/T-SHIRT Colore unico, 원산지: 
❌ [실패] AB09X6B3RACV001: 치환 실패 - 브랜드: VALENTINO, 카테고리: D/AB/SKIRT, 원산지: 
❌ [실패] AB04X6B3AB7A001: 치환 실패 - 브랜드: VALENTINO, 카테고리: D/AB/SHIRT, 원산지: 
❌ [실패] AB04X6B3AEAB001: 치환 실패 - 브랜드: VALENTINO, 카테고리: D/AB/SHIRT, 원산지: 
❌ [실패] AB23CK1S1661012: 치환 실패 - 브랜드: STONE ISLAND, 카테고리: K/AB/SWEATSHIRT Colore unico, 원산지: 
❌ [실패] AB07X2FNJ22B001: 치환 실패 - 브랜드: TAGLIATORE, 카테고리: U/AB/JACKET, 원산지: 
❌ [실패] AB07XEFBR18A009: 치환 실패 - 브랜드: TAGLIATORE, 카테고리: U/AB/JACKET, 원산지: 
❌ [실패] AB04CW04XDRW001: 치환 실패 - 브랜드: BONPOINT, 카테고리: K/AB/SHIRT Colore unico, 원산지: 
❌ [실패] AB04X546MLCF001: 치환 실패 - 브랜드: XACUS, 카테고리: U/AB/SHIRT, 원산지: 
❌ [실패] AB04X556MLMA001: 치환 실패 - 브랜드: XACUS, 카테고리: U/AB/SHIRT, 원산지: 
❌ [실패] AB13X8392XXX004: 치환 실패 - 브랜드: LUIGI BIANCHI, 카테고리: U/AB/TROUSERS, 원산지: 
❌ [실패] AB16XEMSLEYX001: 치환 실패 - 브랜드: NICOLE COLET, 카테고리: D/AB/WEDDING, 원산지: 
❌ [실패] AB16XST2312X001: 치환 실패 - 브랜드: CARLA, 카테고리: D/AB/WEDDING, 원산지: 
❌ [실패] AB16XENYAXXX001: 치환 실패 - 브랜드: ROSA CLARA, 카테고리: D/AB/WEDDING, 원산지: 
❌ [실패] AB22CCOM00LX004: 치환 실패 - 브랜드: CP COMPANY, 카테고리: K/AB/T-SHIRT Colore unico, 원산지: 
❌ [실패] AB13CEM00012005: 치환 실패 - 브랜드: EMPORIO ARMANI, 카테고리: U/AB/TROUSERS Colore unico, 원산지: 
❌ [실패] AB23C322-958002: 치환 실패 - 브랜드: RALPH LAUREN, 카테고리: K/AB/SWEATSHIRT Colore unico, 원산지: 
❌ [실패] AB16XEVORAXX001: 치환 실패 - 브랜드: NICOLE COLET, 카테고리: D/AB/WEDDING, 원산지: 
❌ [실패] AB16XKIENAXX001: 치환 실패 - 브랜드: NICOLE, 카테고리: D/AB/WEDDING, 원산지: 
❌ [실패] AB16XV2306EU001: 치환 실패 - 브랜드: CARLA, 카테고리: D/AB/WEDDING, 원산지: 
❌ [실패] AB22XRU01E52002: 치환 실패 - 브랜드: RICK OWENS, 카테고리: U/AB/T-SHIRT, 원산지: 
❌ [실패] AB07X3FNJ22B002: 치환 실패 - 브랜드: TAGLIATORE, 카테고리: U/AB/JACKET, 원산지: 
❌ [실패] AB07XEFBR15A002: 치환 실패 - 브랜드: TAGLIATORE, 카테고리: U/AB/JACKET, 원산지: 
❌ [실패] AB07XEFBR18A005: 치환 실패 - 브랜드: TAGLIATORE, 카테고리: U/AB/JACKET, 원산지: 
❌ [실패] AB07XN43C2EX001: 치환 실패 - 브랜드: BOGLIOLI, 카테고리: U/AB/JACKET, 원산지: 
❌ [실패] AB09X5B0NIAM001: 치환 실패 - 브랜드: VALENTINO, 카테고리: D/AB/SKIRT, 원산지: 
❌ [실패] AB07X2SVS22B002: 치환 실패 - 브랜드: TAGLIATORE, 카테고리: U/AB/JACKET, 원산지: 
❌ [실패] AB07XEFBR15A003: 치환 실패 - 브랜드: TAGLIATORE, 카테고리: U/AB/JACKET, 원산지: 
❌ [실패] AB16XEVAXXXX001: 치환 실패 - 브랜드: JENNY PACKHAM, 카테고리: D/AB/WEDDING, 원산지: 
❌ [실패] AB22CCUM00NX001: 치환 실패 - 브랜드: CP COMPANY, 카테고리: K/AB/T-SHIRT Colore unico, 원산지: 
❌ [실패] AB22CCRM002_002: 치환 실패 - 브랜드: CP COMPANY, 카테고리: K/AB/T-SHIRT Colore unico, 원산지: 
❌ [실패] AB22XDH1EG01001: 치환 실패 - 브랜드: BALMAIN, 카테고리: U/AB/T-SHIRT, 원산지: 
❌ [실패] AB07XEFBR18A008: 치환 실패 - 브랜드: TAGLIATORE, 카테고리: U/AB/JACKET, 원산지: 
❌ [실패] AL05X1K3AC99001: 치환 실패 - 브랜드: MISSONI, 카테고리: D/AL/HOME, 원산지: 
Traceback (most recent call last):
  File "/root/venv/lib/python3.10/site-packages/django/db/models/query.py", line 946, in get_or_create
    return self.get(**kwargs), False
  File "/root/venv/lib/python3.10/site-packages/django/db/models/query.py", line 633, in get
    raise self.model.DoesNotExist(
shop.models.Product.DoesNotExist: Product matching query does not exist.

During handling of the above exception, another exception occurred:

Traceback (most recent call last):
  File "/root/manage.py", line 22, in <module>
    main()
  File "/root/manage.py", line 18, in main
    execute_from_command_line(sys.argv)
  File "/root/venv/lib/python3.10/site-packages/django/core/management/__init__.py", line 442, in execute_from_command_line
    utility.execute()
  File "/root/venv/lib/python3.10/site-packages/django/core/management/__init__.py", line 436, in execute
    self.fetch_command(subcommand).run_from_argv(self.argv)
  File "/root/venv/lib/python3.10/site-packages/django/core/management/base.py", line 416, in run_from_argv
    self.execute(*args, **cmd_options)
  File "/root/venv/lib/python3.10/site-packages/django/core/management/base.py", line 460, in execute
    output = self.handle(*args, **options)
  File "/root/shop/management/commands/fetch_and_register_latti.py", line 13, in handle
    bulk_convert_or_update_products_by_retailer(retailer_code)
  File "/root/shop/services/product/conversion_service.py", line 139, in bulk_convert_or_update_products_by_retailer
    success = convert_or_update_product(raw_product)
  File "/root/shop/services/product/conversion_service.py", line 60, in convert_or_update_product
    product, created = Product.objects.update_or_create(
  File "/root/venv/lib/python3.10/site-packages/django/db/models/manager.py", line 87, in manager_method
    return getattr(self.get_queryset(), name)(*args, **kwargs)
  File "/root/venv/lib/python3.10/site-packages/django/db/models/query.py", line 988, in update_or_create
    obj, created = self.select_for_update().get_or_create(
  File "/root/venv/lib/python3.10/site-packages/django/db/models/query.py", line 953, in get_or_create
    return self.create(**params), True
  File "/root/venv/lib/python3.10/site-packages/django/db/models/query.py", line 663, in create
    obj.save(force_insert=True, using=self.db)
  File "/root/shop/models.py", line 110, in save
    markup = get_markup_from_product(self)
  File "/root/shop/utils/markup_util.py", line 11, in get_markup_from_product
    return BrandSetting.objects.get(
  File "/root/venv/lib/python3.10/site-packages/django/db/models/manager.py", line 87, in manager_method
    return getattr(self.get_queryset(), name)(*args, **kwargs)
  File "/root/venv/lib/python3.10/site-packages/django/db/models/query.py", line 619, in get
    clone = self._chain() if self.query.combinator else self.filter(*args, **kwargs)
  File "/root/venv/lib/python3.10/site-packages/django/db/models/query.py", line 1491, in filter
    return self._filter_or_exclude(False, args, kwargs)
  File "/root/venv/lib/python3.10/site-packages/django/db/models/query.py", line 1509, in _filter_or_exclude
    clone._filter_or_exclude_inplace(negate, args, kwargs)
  File "/root/venv/lib/python3.10/site-packages/django/db/models/query.py", line 1516, in _filter_or_exclude_inplace
    self._query.add_q(Q(*args, **kwargs))
  File "/root/venv/lib/python3.10/site-packages/django/db/models/sql/query.py", line 1643, in add_q
    clause, _ = self._add_q(q_object, can_reuse)
  File "/root/venv/lib/python3.10/site-packages/django/db/models/sql/query.py", line 1675, in _add_q
    child_clause, needed_inner = self.build_filter(
  File "/root/venv/lib/python3.10/site-packages/django/db/models/sql/query.py", line 1585, in build_filter
    condition = self.build_lookup(lookups, col, value)
  File "/root/venv/lib/python3.10/site-packages/django/db/models/sql/query.py", line 1417, in build_lookup
    raise ValueError("Cannot use None as a query value")
ValueError: Cannot use None as a query value
Exception ignored in: <generator object cursor_iter at 0x7f47a7cd4350>
Traceback (most recent call last):
  File "/root/venv/lib/python3.10/site-packages/django/db/models/sql/compiler.py", line 2174, in cursor_iter
    cursor.close()
sqlite3.ProgrammingError: Cannot operate on a closed database.
✅ 2025-05-24 04:02:19 - 작업 완료
------------------------------
🛑 작업이 이미 실행 중입니다.
🕒 2025-05-24 08:00:01 - 작업 시작
System check identified some issues:

WARNINGS:
?: (staticfiles.W004) The directory '/root/static' in the STATICFILES_DIRS setting does not exist.
📥 라띠 상품 수집 시작~
📥 운영용 ZIP 다운로드 중...
🔍 응답 상태 코드: 200
🔍 응답 헤더: {'Content-Type': 'application/x-zip-compressed', 'Last-Modified': 'Fri, 23 May 2025 21:02:25 GMT', 'Accept-Ranges': 'bytes', 'ETag': '"a74125fc25ccdb1:0"', 'Server': 'Microsoft-IIS/8.5', 'X-Powered-By': 'ASP.NET', 'X-Powered-By-Plesk': 'PleskWin', 'Date': 'Fri, 23 May 2025 23:00:03 GMT', 'Content-Length': '171'}
✅ 최적화 저장 완료: 상품 0건
🛠️ 원본 → 가공상품 전환 시작~
❌ [실패] AB01XPS2530X001: 치환 실패 - 브랜드: COSTARELLOS, 카테고리: D/AB/DRESS, 원산지: 
❌ [실패] AB01XA0401XX007: 치환 실패 - 브랜드: ALBERTA FERRETTI, 카테고리: D/AB/DRESS, 원산지: 
❌ [실패] AB04XALOES-P001: 치환 실패 - 브랜드: PIERRE LOUIS MASCIA, 카테고리: D/AB/SHIRT, 원산지: 
❌ [실패] AB04X556MLMR001: 치환 실패 - 브랜드: XACUS, 카테고리: U/AB/SHIRT, 원산지: 
❌ [실패] AB04X556MLAF001: 치환 실패 - 브랜드: XACUS, 카테고리: U/AB/SHIRT, 원산지: 
❌ [실패] AB05X2SVS20B001: 치환 실패 - 브랜드: TAGLIATORE, 카테고리: U/AB/COAT, 원산지: 
❌ [실패] AB07X2FNA22B002: 치환 실패 - 브랜드: TAGLIATORE, 카테고리: U/AB/JACKET, 원산지: 
❌ [실패] AB01X5B3VA9M001: 치환 실패 - 브랜드: VALENTINO, 카테고리: D/AB/DRESS, 원산지: 
❌ [실패] AB13CKS10098003: 치환 실패 - 브랜드: KONGES SLOJD, 카테고리: K/AB/TROUSERS Colore unico, 원산지: 
❌ [실패] AB07XEFBR18A006: 치환 실패 - 브랜드: TAGLIATORE, 카테고리: U/AB/JACKET, 원산지: 
❌ [실패] AB07XEFBR18A007: 치환 실패 - 브랜드: TAGLIATORE, 카테고리: U/AB/JACKET, 원산지: 
❌ [실패] AB07XGWP0226001: 치환 실패 - 브랜드: GOLDEN GOOSE, 카테고리: D/AB/JACKET, 원산지: 
❌ [실패] AB07XSE25-20001: 치환 실패 - 브랜드: SWORD, 카테고리: D/AB/JACKET, 원산지: 
❌ [실패] AB03XBE0183X001: 치환 실패 - 브랜드: ACNE, 카테고리: U/AB/SHORT, 원산지: 
❌ [실패] AB07X2346XXX005: 치환 실패 - 브랜드: LUIGI BIANCHI, 카테고리: U/AB/JACKET, 원산지: 
❌ [실패] AB07X2SVS22B003: 치환 실패 - 브랜드: TAGLIATORE, 카테고리: U/AB/JACKET, 원산지: 
❌ [실패] AB08X1331XXX011: 치환 실패 - 브랜드: LUIGI BIANCHI, 카테고리: U/AB/VEST, 원산지: 
❌ [실패] AB08X1331XXX015: 치환 실패 - 브랜드: LUIGI BIANCHI, 카테고리: U/AB/VEST, 원산지: 
❌ [실패] AB13C312-957001: 치환 실패 - 브랜드: RALPH LAUREN, 카테고리: K/AB/TROUSERS Colore unico, 원산지: 
❌ [실패] AB16XFEDERIC002: 치환 실패 - 브랜드: FLORA, 카테고리: D/AB/WEDDING, 원산지: 
❌ [실패] AB10CCNM00L_002: 치환 실패 - 브랜드: CP COMPANY, 카테고리: K/AB/JERSEY Colore unico, 원산지: 
❌ [실패] AB13XA19183X001: 치환 실패 - 브랜드: DIESEL, 카테고리: D/AB/TROUSERS, 원산지: 
❌ [실패] AB21CEM00045002: 치환 실패 - 브랜드: EMPORIO ARMANI, 카테고리: U/AB/SUIT Colore unico, 원산지: 
❌ [실패] AB21X28QCGNX008: 치환 실패 - 브랜드: ZEGNA, 카테고리: U/AB/SUIT, 원산지: 
❌ [실패] AB16XA2300XX001: 치환 실패 - 브랜드: CARLA, 카테고리: D/AB/WEDDING, 원산지: 
❌ [실패] AB16XCASQUET001: 치환 실패 - 브랜드: ROSA CLARA, 카테고리: D/AB/WEDDING, 원산지: 
❌ [실패] AB16XLAMYAXX001: 치환 실패 - 브랜드: NICOLE, 카테고리: D/AB/WEDDING, 원산지: 
❌ [실패] AB16XDUSAXXX001: 치환 실패 - 브랜드: ROSACLARA BOHEME, 카테고리: D/AB/WEDDING, 원산지: 
❌ [실패] AB16XENNISXX001: 치환 실패 - 브랜드: ROSA CLARA, 카테고리: D/AB/WEDDING, 원산지: 
❌ [실패] AB16XERMAXXX001: 치환 실패 - 브랜드: ROSA CLARA, 카테고리: D/AB/WEDDING, 원산지: 
❌ [실패] AB01X6B3VDKK001: 치환 실패 - 브랜드: VALENTINO, 카테고리: D/AB/DRESS, 원산지: 
❌ [실패] AB16XSIMONE 001: 치환 실패 - 브랜드: FLORA, 카테고리: D/AB/WEDDING, 원산지: 
❌ [실패] AB18CP24TT08002: 치환 실패 - 브랜드: IL GUFO, 카테고리: K/AB/TOP Colore unico, 원산지: 
❌ [실패] AB16XCAPE LA001: 치환 실패 - 브랜드: NICOLE, 카테고리: D/AB/WEDDING, 원산지: 
❌ [실패] AB01XPS2573X001: 치환 실패 - 브랜드: COSTARELLOS, 카테고리: D/AB/DRESS, 원산지: 
❌ [실패] AB16XDORINAX001: 치환 실패 - 브랜드: ROSACLARA BOHEME, 카테고리: D/AB/WEDDING, 원산지: 
❌ [실패] AB16XNOAHXXX001: 치환 실패 - 브랜드: VERA WANG, 카테고리: D/AB/WEDDING, 원산지: 
❌ [실패] AB16XSOFIEXX001: 치환 실패 - 브랜드: JENNY PACKHAM, 카테고리: D/AB/WEDDING, 원산지: 
❌ [실패] AB22X392XXXX001: 치환 실패 - 브랜드: EXTREME CASHMERE, 카테고리: D/AB/T-SHIRT, 원산지: 
❌ [실패] AB03XFLP369X001: 치환 실패 - 브랜드: FENDI, 카테고리: U/AB/SHORT, 원산지: 
❌ [실패] AB04X5V0ABT9001: 치환 실패 - 브랜드: VALENTINO, 카테고리: U/AB/SHIRT, 원산지: 
❌ [실패] AB07X3FNJ22B001: 치환 실패 - 브랜드: TAGLIATORE, 카테고리: U/AB/JACKET, 원산지: 
❌ [실패] AB07XEFBR15A004: 치환 실패 - 브랜드: TAGLIATORE, 카테고리: U/AB/JACKET, 원산지: 
❌ [실패] AB07XEFNJ15A001: 치환 실패 - 브랜드: TAGLIATORE, 카테고리: U/AB/JACKET, 원산지: 
❌ [실패] AB04X6V3ABQ6001: 치환 실패 - 브랜드: VALENTINO, 카테고리: U/AB/SHIRT, 원산지: 
❌ [실패] AB03CKS10007004: 치환 실패 - 브랜드: KONGES SLOJD, 카테고리: K/AB/SHORT Colore unico, 원산지: 
❌ [실패] AB08XWMUS8JM002: 치환 실패 - 브랜드: CARUSO, 카테고리: U/AB/VEST, 원산지: 
❌ [실패] AB13XAA9P114001: 치환 실패 - 브랜드: ALAIA, 카테고리: D/AB/TROUSERS, 원산지: 
❌ [실패] AB07X3FNJ22B003: 치환 실패 - 브랜드: TAGLIATORE, 카테고리: U/AB/JACKET, 원산지: 
❌ [실패] AB08C322-956001: 치환 실패 - 브랜드: RALPH LAUREN, 카테고리: K/AB/VEST Colore unico, 원산지: 
❌ [실패] AB08XWMUS8JM001: 치환 실패 - 브랜드: CARUSO, 카테고리: U/AB/VEST, 원산지: 
❌ [실패] AB16XMARESXX001: 치환 실패 - 브랜드: ROSA CLARA COUTURE, 카테고리: D/AB/WEDDING, 원산지: 
❌ [실패] AB16XMARISMA001: 치환 실패 - 브랜드: ROSA CLARA COUTURE, 카테고리: D/AB/WEDDING, 원산지: 
❌ [실패] AB16XPANTALO001: 치환 실패 - 브랜드: HELENA, 카테고리: D/AB/WEDDING, 원산지: 
❌ [실패] AB13XCOATMAZ001: 치환 실패 - 브랜드: PT TORINO, 카테고리: U/AB/TROUSERS, 원산지: 
❌ [실패] AB03XBE0186X001: 치환 실패 - 브랜드: ACNE, 카테고리: U/AB/SHORT, 원산지: 
❌ [실패] AB21XLN1JM21001: 치환 실패 - 브랜드: CARUSO, 카테고리: U/AB/SUIT, 원산지: 
❌ [실패] AB16XKAYSAXX001: 치환 실패 - 브랜드: ROSACLARA SOFT, 카테고리: D/AB/WEDDING, 원산지: 
❌ [실패] AB16XOSKARIX001: 치환 실패 - 브랜드: JENNY PACKHAM, 카테고리: D/AB/WEDDING, 원산지: 
❌ [실패] AB22C9548C00010: 치환 실패 - 브랜드: MONCLER, 카테고리: K/AB/T-SHIRT Colore unico, 원산지: 
❌ [실패] AB04X538MLRC002: 치환 실패 - 브랜드: XACUS, 카테고리: U/AB/SHIRT, 원산지: 
❌ [실패] AB18X6B0AEAL001: 치환 실패 - 브랜드: VALENTINO, 카테고리: D/AB/TOP, 원산지: 
❌ [실패] AB21XMB400LD001: 치환 실패 - 브랜드: BRUNELLO CUCINELLI, 카테고리: U/AB/SUIT, 원산지: 
❌ [실패] AB21X282KGQX001: 치환 실패 - 브랜드: ZEGNA, 카테고리: U/AB/SUIT, 원산지: 
❌ [실패] AB01X816098X001: 치환 실패 - 브랜드: ALEXANDER MCQUEEN, 카테고리: D/AB/DRESS, 원산지: 
❌ [실패] AB22CCRM002X002: 치환 실패 - 브랜드: CP COMPANY, 카테고리: K/AB/T-SHIRT Colore unico, 원산지: 
❌ [실패] AB09X6B3RACV001: 치환 실패 - 브랜드: VALENTINO, 카테고리: D/AB/SKIRT, 원산지: 
❌ [실패] AB04X6B3AB7A001: 치환 실패 - 브랜드: VALENTINO, 카테고리: D/AB/SHIRT, 원산지: 
❌ [실패] AB04X6B3AEAB001: 치환 실패 - 브랜드: VALENTINO, 카테고리: D/AB/SHIRT, 원산지: 
❌ [실패] AB23CK1S1661012: 치환 실패 - 브랜드: STONE ISLAND, 카테고리: K/AB/SWEATSHIRT Colore unico, 원산지: 
❌ [실패] AB07X2FNJ22B001: 치환 실패 - 브랜드: TAGLIATORE, 카테고리: U/AB/JACKET, 원산지: 
❌ [실패] AB07XEFBR18A009: 치환 실패 - 브랜드: TAGLIATORE, 카테고리: U/AB/JACKET, 원산지: 
❌ [실패] AB04CW04XDRW001: 치환 실패 - 브랜드: BONPOINT, 카테고리: K/AB/SHIRT Colore unico, 원산지: 
❌ [실패] AB04X546MLCF001: 치환 실패 - 브랜드: XACUS, 카테고리: U/AB/SHIRT, 원산지: 
❌ [실패] AB04X556MLMA001: 치환 실패 - 브랜드: XACUS, 카테고리: U/AB/SHIRT, 원산지: 
❌ [실패] AB13X8392XXX004: 치환 실패 - 브랜드: LUIGI BIANCHI, 카테고리: U/AB/TROUSERS, 원산지: 
❌ [실패] AB16XEMSLEYX001: 치환 실패 - 브랜드: NICOLE COLET, 카테고리: D/AB/WEDDING, 원산지: 
❌ [실패] AB16XST2312X001: 치환 실패 - 브랜드: CARLA, 카테고리: D/AB/WEDDING, 원산지: 
❌ [실패] AB16XENYAXXX001: 치환 실패 - 브랜드: ROSA CLARA, 카테고리: D/AB/WEDDING, 원산지: 
❌ [실패] AB22CCOM00LX004: 치환 실패 - 브랜드: CP COMPANY, 카테고리: K/AB/T-SHIRT Colore unico, 원산지: 
❌ [실패] AB13CEM00012005: 치환 실패 - 브랜드: EMPORIO ARMANI, 카테고리: U/AB/TROUSERS Colore unico, 원산지: 
❌ [실패] AB23C322-958002: 치환 실패 - 브랜드: RALPH LAUREN, 카테고리: K/AB/SWEATSHIRT Colore unico, 원산지: 
❌ [실패] AB16XEVORAXX001: 치환 실패 - 브랜드: NICOLE COLET, 카테고리: D/AB/WEDDING, 원산지: 
❌ [실패] AB16XKIENAXX001: 치환 실패 - 브랜드: NICOLE, 카테고리: D/AB/WEDDING, 원산지: 
❌ [실패] AB16XV2306EU001: 치환 실패 - 브랜드: CARLA, 카테고리: D/AB/WEDDING, 원산지: 
❌ [실패] AB22XRU01E52002: 치환 실패 - 브랜드: RICK OWENS, 카테고리: U/AB/T-SHIRT, 원산지: 
❌ [실패] AB07X3FNJ22B002: 치환 실패 - 브랜드: TAGLIATORE, 카테고리: U/AB/JACKET, 원산지: 
❌ [실패] AB07XEFBR15A002: 치환 실패 - 브랜드: TAGLIATORE, 카테고리: U/AB/JACKET, 원산지: 
❌ [실패] AB07XEFBR18A005: 치환 실패 - 브랜드: TAGLIATORE, 카테고리: U/AB/JACKET, 원산지: 
❌ [실패] AB07XN43C2EX001: 치환 실패 - 브랜드: BOGLIOLI, 카테고리: U/AB/JACKET, 원산지: 
❌ [실패] AB09X5B0NIAM001: 치환 실패 - 브랜드: VALENTINO, 카테고리: D/AB/SKIRT, 원산지: 
❌ [실패] AB07X2SVS22B002: 치환 실패 - 브랜드: TAGLIATORE, 카테고리: U/AB/JACKET, 원산지: 
❌ [실패] AB07XEFBR15A003: 치환 실패 - 브랜드: TAGLIATORE, 카테고리: U/AB/JACKET, 원산지: 
❌ [실패] AB16XEVAXXXX001: 치환 실패 - 브랜드: JENNY PACKHAM, 카테고리: D/AB/WEDDING, 원산지: 
❌ [실패] AB22CCUM00NX001: 치환 실패 - 브랜드: CP COMPANY, 카테고리: K/AB/T-SHIRT Colore unico, 원산지: 
❌ [실패] AB22CCRM002_002: 치환 실패 - 브랜드: CP COMPANY, 카테고리: K/AB/T-SHIRT Colore unico, 원산지: 
❌ [실패] AB22XDH1EG01001: 치환 실패 - 브랜드: BALMAIN, 카테고리: U/AB/T-SHIRT, 원산지: 
❌ [실패] AB07XEFBR18A008: 치환 실패 - 브랜드: TAGLIATORE, 카테고리: U/AB/JACKET, 원산지: 
❌ [실패] AL05X1K3AC99001: 치환 실패 - 브랜드: MISSONI, 카테고리: D/AL/HOME, 원산지: 
Traceback (most recent call last):
  File "/root/venv/lib/python3.10/site-packages/django/db/models/query.py", line 946, in get_or_create
    return self.get(**kwargs), False
  File "/root/venv/lib/python3.10/site-packages/django/db/models/query.py", line 633, in get
    raise self.model.DoesNotExist(
shop.models.Product.DoesNotExist: Product matching query does not exist.

During handling of the above exception, another exception occurred:

Traceback (most recent call last):
  File "/root/manage.py", line 22, in <module>
    main()
  File "/root/manage.py", line 18, in main
    execute_from_command_line(sys.argv)
  File "/root/venv/lib/python3.10/site-packages/django/core/management/__init__.py", line 442, in execute_from_command_line
    utility.execute()
  File "/root/venv/lib/python3.10/site-packages/django/core/management/__init__.py", line 436, in execute
    self.fetch_command(subcommand).run_from_argv(self.argv)
  File "/root/venv/lib/python3.10/site-packages/django/core/management/base.py", line 416, in run_from_argv
    self.execute(*args, **cmd_options)
  File "/root/venv/lib/python3.10/site-packages/django/core/management/base.py", line 460, in execute
    output = self.handle(*args, **options)
  File "/root/shop/management/commands/fetch_and_register_latti.py", line 13, in handle
    bulk_convert_or_update_products_by_retailer(retailer_code)
  File "/root/shop/services/product/conversion_service.py", line 139, in bulk_convert_or_update_products_by_retailer
    success = convert_or_update_product(raw_product)
  File "/root/shop/services/product/conversion_service.py", line 60, in convert_or_update_product
    product, created = Product.objects.update_or_create(
  File "/root/venv/lib/python3.10/site-packages/django/db/models/manager.py", line 87, in manager_method
    return getattr(self.get_queryset(), name)(*args, **kwargs)
  File "/root/venv/lib/python3.10/site-packages/django/db/models/query.py", line 988, in update_or_create
    obj, created = self.select_for_update().get_or_create(
  File "/root/venv/lib/python3.10/site-packages/django/db/models/query.py", line 953, in get_or_create
    return self.create(**params), True
  File "/root/venv/lib/python3.10/site-packages/django/db/models/query.py", line 663, in create
    obj.save(force_insert=True, using=self.db)
  File "/root/shop/models.py", line 110, in save
    markup = get_markup_from_product(self)
  File "/root/shop/utils/markup_util.py", line 11, in get_markup_from_product
    return BrandSetting.objects.get(
  File "/root/venv/lib/python3.10/site-packages/django/db/models/manager.py", line 87, in manager_method
    return getattr(self.get_queryset(), name)(*args, **kwargs)
  File "/root/venv/lib/python3.10/site-packages/django/db/models/query.py", line 619, in get
    clone = self._chain() if self.query.combinator else self.filter(*args, **kwargs)
  File "/root/venv/lib/python3.10/site-packages/django/db/models/query.py", line 1491, in filter
    return self._filter_or_exclude(False, args, kwargs)
  File "/root/venv/lib/python3.10/site-packages/django/db/models/query.py", line 1509, in _filter_or_exclude
    clone._filter_or_exclude_inplace(negate, args, kwargs)
  File "/root/venv/lib/python3.10/site-packages/django/db/models/query.py", line 1516, in _filter_or_exclude_inplace
    self._query.add_q(Q(*args, **kwargs))
  File "/root/venv/lib/python3.10/site-packages/django/db/models/sql/query.py", line 1643, in add_q
    clause, _ = self._add_q(q_object, can_reuse)
  File "/root/venv/lib/python3.10/site-packages/django/db/models/sql/query.py", line 1675, in _add_q
    child_clause, needed_inner = self.build_filter(
  File "/root/venv/lib/python3.10/site-packages/django/db/models/sql/query.py", line 1585, in build_filter
    condition = self.build_lookup(lookups, col, value)
  File "/root/venv/lib/python3.10/site-packages/django/db/models/sql/query.py", line 1417, in build_lookup
    raise ValueError("Cannot use None as a query value")
ValueError: Cannot use None as a query value
Exception ignored in: <generator object cursor_iter at 0x7f878cd02ff0>
Traceback (most recent call last):
  File "/root/venv/lib/python3.10/site-packages/django/db/models/sql/compiler.py", line 2174, in cursor_iter
    cursor.close()
sqlite3.ProgrammingError: Cannot operate on a closed database.
✅ 2025-05-24 08:01:48 - 작업 완료
------------------------------
🛑 작업이 이미 실행 중입니다.
🕒 2025-05-24 12:00:01 - 작업 시작
System check identified some issues:

WARNINGS:
?: (staticfiles.W004) The directory '/root/static' in the STATICFILES_DIRS setting does not exist.
📥 라띠 상품 수집 시작~
📥 운영용 ZIP 다운로드 중...
🔍 응답 상태 코드: 200
🔍 응답 헤더: {'Content-Type': 'application/x-zip-compressed', 'Last-Modified': 'Fri, 23 May 2025 21:02:25 GMT', 'Accept-Ranges': 'bytes', 'ETag': '"a74125fc25ccdb1:0"', 'Server': 'Microsoft-IIS/8.5', 'X-Powered-By': 'ASP.NET', 'X-Powered-By-Plesk': 'PleskWin', 'Date': 'Sat, 24 May 2025 03:00:02 GMT', 'Content-Length': '171'}
✅ 최적화 저장 완료: 상품 0건
🛠️ 원본 → 가공상품 전환 시작~
❌ [실패] AB01XPS2530X001: 치환 실패 - 브랜드: COSTARELLOS, 카테고리: D/AB/DRESS, 원산지: 
❌ [실패] AB01XA0401XX007: 치환 실패 - 브랜드: ALBERTA FERRETTI, 카테고리: D/AB/DRESS, 원산지: 
❌ [실패] AB04XALOES-P001: 치환 실패 - 브랜드: PIERRE LOUIS MASCIA, 카테고리: D/AB/SHIRT, 원산지: 
❌ [실패] AB04X556MLMR001: 치환 실패 - 브랜드: XACUS, 카테고리: U/AB/SHIRT, 원산지: 
❌ [실패] AB04X556MLAF001: 치환 실패 - 브랜드: XACUS, 카테고리: U/AB/SHIRT, 원산지: 
❌ [실패] AB05X2SVS20B001: 치환 실패 - 브랜드: TAGLIATORE, 카테고리: U/AB/COAT, 원산지: 
❌ [실패] AB07X2FNA22B002: 치환 실패 - 브랜드: TAGLIATORE, 카테고리: U/AB/JACKET, 원산지: 
❌ [실패] AB01X5B3VA9M001: 치환 실패 - 브랜드: VALENTINO, 카테고리: D/AB/DRESS, 원산지: 
❌ [실패] AB13CKS10098003: 치환 실패 - 브랜드: KONGES SLOJD, 카테고리: K/AB/TROUSERS Colore unico, 원산지: 
❌ [실패] AB07XEFBR18A006: 치환 실패 - 브랜드: TAGLIATORE, 카테고리: U/AB/JACKET, 원산지: 
❌ [실패] AB07XEFBR18A007: 치환 실패 - 브랜드: TAGLIATORE, 카테고리: U/AB/JACKET, 원산지: 
❌ [실패] AB07XGWP0226001: 치환 실패 - 브랜드: GOLDEN GOOSE, 카테고리: D/AB/JACKET, 원산지: 
❌ [실패] AB07XSE25-20001: 치환 실패 - 브랜드: SWORD, 카테고리: D/AB/JACKET, 원산지: 
❌ [실패] AB03XBE0183X001: 치환 실패 - 브랜드: ACNE, 카테고리: U/AB/SHORT, 원산지: 
❌ [실패] AB07X2346XXX005: 치환 실패 - 브랜드: LUIGI BIANCHI, 카테고리: U/AB/JACKET, 원산지: 
❌ [실패] AB07X2SVS22B003: 치환 실패 - 브랜드: TAGLIATORE, 카테고리: U/AB/JACKET, 원산지: 
❌ [실패] AB08X1331XXX011: 치환 실패 - 브랜드: LUIGI BIANCHI, 카테고리: U/AB/VEST, 원산지: 
❌ [실패] AB08X1331XXX015: 치환 실패 - 브랜드: LUIGI BIANCHI, 카테고리: U/AB/VEST, 원산지: 
❌ [실패] AB13C312-957001: 치환 실패 - 브랜드: RALPH LAUREN, 카테고리: K/AB/TROUSERS Colore unico, 원산지: 
❌ [실패] AB16XFEDERIC002: 치환 실패 - 브랜드: FLORA, 카테고리: D/AB/WEDDING, 원산지: 
❌ [실패] AB10CCNM00L_002: 치환 실패 - 브랜드: CP COMPANY, 카테고리: K/AB/JERSEY Colore unico, 원산지: 
❌ [실패] AB13XA19183X001: 치환 실패 - 브랜드: DIESEL, 카테고리: D/AB/TROUSERS, 원산지: 
❌ [실패] AB21CEM00045002: 치환 실패 - 브랜드: EMPORIO ARMANI, 카테고리: U/AB/SUIT Colore unico, 원산지: 
❌ [실패] AB21X28QCGNX008: 치환 실패 - 브랜드: ZEGNA, 카테고리: U/AB/SUIT, 원산지: 
❌ [실패] AB16XA2300XX001: 치환 실패 - 브랜드: CARLA, 카테고리: D/AB/WEDDING, 원산지: 
❌ [실패] AB16XCASQUET001: 치환 실패 - 브랜드: ROSA CLARA, 카테고리: D/AB/WEDDING, 원산지: 
❌ [실패] AB16XLAMYAXX001: 치환 실패 - 브랜드: NICOLE, 카테고리: D/AB/WEDDING, 원산지: 
❌ [실패] AB16XDUSAXXX001: 치환 실패 - 브랜드: ROSACLARA BOHEME, 카테고리: D/AB/WEDDING, 원산지: 
❌ [실패] AB16XENNISXX001: 치환 실패 - 브랜드: ROSA CLARA, 카테고리: D/AB/WEDDING, 원산지: 
❌ [실패] AB16XERMAXXX001: 치환 실패 - 브랜드: ROSA CLARA, 카테고리: D/AB/WEDDING, 원산지: 
❌ [실패] AB01X6B3VDKK001: 치환 실패 - 브랜드: VALENTINO, 카테고리: D/AB/DRESS, 원산지: 
❌ [실패] AB16XSIMONE 001: 치환 실패 - 브랜드: FLORA, 카테고리: D/AB/WEDDING, 원산지: 
❌ [실패] AB18CP24TT08002: 치환 실패 - 브랜드: IL GUFO, 카테고리: K/AB/TOP Colore unico, 원산지: 
❌ [실패] AB16XCAPE LA001: 치환 실패 - 브랜드: NICOLE, 카테고리: D/AB/WEDDING, 원산지: 
❌ [실패] AB01XPS2573X001: 치환 실패 - 브랜드: COSTARELLOS, 카테고리: D/AB/DRESS, 원산지: 
❌ [실패] AB16XDORINAX001: 치환 실패 - 브랜드: ROSACLARA BOHEME, 카테고리: D/AB/WEDDING, 원산지: 
❌ [실패] AB16XNOAHXXX001: 치환 실패 - 브랜드: VERA WANG, 카테고리: D/AB/WEDDING, 원산지: 
❌ [실패] AB16XSOFIEXX001: 치환 실패 - 브랜드: JENNY PACKHAM, 카테고리: D/AB/WEDDING, 원산지: 
❌ [실패] AB22X392XXXX001: 치환 실패 - 브랜드: EXTREME CASHMERE, 카테고리: D/AB/T-SHIRT, 원산지: 
❌ [실패] AB03XFLP369X001: 치환 실패 - 브랜드: FENDI, 카테고리: U/AB/SHORT, 원산지: 
❌ [실패] AB04X5V0ABT9001: 치환 실패 - 브랜드: VALENTINO, 카테고리: U/AB/SHIRT, 원산지: 
❌ [실패] AB07X3FNJ22B001: 치환 실패 - 브랜드: TAGLIATORE, 카테고리: U/AB/JACKET, 원산지: 
❌ [실패] AB07XEFBR15A004: 치환 실패 - 브랜드: TAGLIATORE, 카테고리: U/AB/JACKET, 원산지: 
❌ [실패] AB07XEFNJ15A001: 치환 실패 - 브랜드: TAGLIATORE, 카테고리: U/AB/JACKET, 원산지: 
❌ [실패] AB04X6V3ABQ6001: 치환 실패 - 브랜드: VALENTINO, 카테고리: U/AB/SHIRT, 원산지: 
❌ [실패] AB03CKS10007004: 치환 실패 - 브랜드: KONGES SLOJD, 카테고리: K/AB/SHORT Colore unico, 원산지: 
❌ [실패] AB08XWMUS8JM002: 치환 실패 - 브랜드: CARUSO, 카테고리: U/AB/VEST, 원산지: 
❌ [실패] AB13XAA9P114001: 치환 실패 - 브랜드: ALAIA, 카테고리: D/AB/TROUSERS, 원산지: 
❌ [실패] AB07X3FNJ22B003: 치환 실패 - 브랜드: TAGLIATORE, 카테고리: U/AB/JACKET, 원산지: 
❌ [실패] AB08C322-956001: 치환 실패 - 브랜드: RALPH LAUREN, 카테고리: K/AB/VEST Colore unico, 원산지: 
❌ [실패] AB08XWMUS8JM001: 치환 실패 - 브랜드: CARUSO, 카테고리: U/AB/VEST, 원산지: 
❌ [실패] AB16XMARESXX001: 치환 실패 - 브랜드: ROSA CLARA COUTURE, 카테고리: D/AB/WEDDING, 원산지: 
❌ [실패] AB16XMARISMA001: 치환 실패 - 브랜드: ROSA CLARA COUTURE, 카테고리: D/AB/WEDDING, 원산지: 
❌ [실패] AB16XPANTALO001: 치환 실패 - 브랜드: HELENA, 카테고리: D/AB/WEDDING, 원산지: 
❌ [실패] AB13XCOATMAZ001: 치환 실패 - 브랜드: PT TORINO, 카테고리: U/AB/TROUSERS, 원산지: 
❌ [실패] AB03XBE0186X001: 치환 실패 - 브랜드: ACNE, 카테고리: U/AB/SHORT, 원산지: 
❌ [실패] AB21XLN1JM21001: 치환 실패 - 브랜드: CARUSO, 카테고리: U/AB/SUIT, 원산지: 
❌ [실패] AB16XKAYSAXX001: 치환 실패 - 브랜드: ROSACLARA SOFT, 카테고리: D/AB/WEDDING, 원산지: 
❌ [실패] AB16XOSKARIX001: 치환 실패 - 브랜드: JENNY PACKHAM, 카테고리: D/AB/WEDDING, 원산지: 
❌ [실패] AB22C9548C00010: 치환 실패 - 브랜드: MONCLER, 카테고리: K/AB/T-SHIRT Colore unico, 원산지: 
❌ [실패] AB04X538MLRC002: 치환 실패 - 브랜드: XACUS, 카테고리: U/AB/SHIRT, 원산지: 
❌ [실패] AB18X6B0AEAL001: 치환 실패 - 브랜드: VALENTINO, 카테고리: D/AB/TOP, 원산지: 
❌ [실패] AB21XMB400LD001: 치환 실패 - 브랜드: BRUNELLO CUCINELLI, 카테고리: U/AB/SUIT, 원산지: 
❌ [실패] AB21X282KGQX001: 치환 실패 - 브랜드: ZEGNA, 카테고리: U/AB/SUIT, 원산지: 
❌ [실패] AB01X816098X001: 치환 실패 - 브랜드: ALEXANDER MCQUEEN, 카테고리: D/AB/DRESS, 원산지: 
❌ [실패] AB22CCRM002X002: 치환 실패 - 브랜드: CP COMPANY, 카테고리: K/AB/T-SHIRT Colore unico, 원산지: 
❌ [실패] AB09X6B3RACV001: 치환 실패 - 브랜드: VALENTINO, 카테고리: D/AB/SKIRT, 원산지: 
❌ [실패] AB04X6B3AB7A001: 치환 실패 - 브랜드: VALENTINO, 카테고리: D/AB/SHIRT, 원산지: 
❌ [실패] AB04X6B3AEAB001: 치환 실패 - 브랜드: VALENTINO, 카테고리: D/AB/SHIRT, 원산지: 
❌ [실패] AB23CK1S1661012: 치환 실패 - 브랜드: STONE ISLAND, 카테고리: K/AB/SWEATSHIRT Colore unico, 원산지: 
❌ [실패] AB07X2FNJ22B001: 치환 실패 - 브랜드: TAGLIATORE, 카테고리: U/AB/JACKET, 원산지: 
❌ [실패] AB07XEFBR18A009: 치환 실패 - 브랜드: TAGLIATORE, 카테고리: U/AB/JACKET, 원산지: 
❌ [실패] AB04CW04XDRW001: 치환 실패 - 브랜드: BONPOINT, 카테고리: K/AB/SHIRT Colore unico, 원산지: 
❌ [실패] AB04X546MLCF001: 치환 실패 - 브랜드: XACUS, 카테고리: U/AB/SHIRT, 원산지: 
❌ [실패] AB04X556MLMA001: 치환 실패 - 브랜드: XACUS, 카테고리: U/AB/SHIRT, 원산지: 
❌ [실패] AB13X8392XXX004: 치환 실패 - 브랜드: LUIGI BIANCHI, 카테고리: U/AB/TROUSERS, 원산지: 
❌ [실패] AB16XEMSLEYX001: 치환 실패 - 브랜드: NICOLE COLET, 카테고리: D/AB/WEDDING, 원산지: 
❌ [실패] AB16XST2312X001: 치환 실패 - 브랜드: CARLA, 카테고리: D/AB/WEDDING, 원산지: 
❌ [실패] AB16XENYAXXX001: 치환 실패 - 브랜드: ROSA CLARA, 카테고리: D/AB/WEDDING, 원산지: 
❌ [실패] AB22CCOM00LX004: 치환 실패 - 브랜드: CP COMPANY, 카테고리: K/AB/T-SHIRT Colore unico, 원산지: 
❌ [실패] AB13CEM00012005: 치환 실패 - 브랜드: EMPORIO ARMANI, 카테고리: U/AB/TROUSERS Colore unico, 원산지: 
❌ [실패] AB23C322-958002: 치환 실패 - 브랜드: RALPH LAUREN, 카테고리: K/AB/SWEATSHIRT Colore unico, 원산지: 
❌ [실패] AB16XEVORAXX001: 치환 실패 - 브랜드: NICOLE COLET, 카테고리: D/AB/WEDDING, 원산지: 
❌ [실패] AB16XKIENAXX001: 치환 실패 - 브랜드: NICOLE, 카테고리: D/AB/WEDDING, 원산지: 
❌ [실패] AB16XV2306EU001: 치환 실패 - 브랜드: CARLA, 카테고리: D/AB/WEDDING, 원산지: 
❌ [실패] AB22XRU01E52002: 치환 실패 - 브랜드: RICK OWENS, 카테고리: U/AB/T-SHIRT, 원산지: 
❌ [실패] AB07X3FNJ22B002: 치환 실패 - 브랜드: TAGLIATORE, 카테고리: U/AB/JACKET, 원산지: 
❌ [실패] AB07XEFBR15A002: 치환 실패 - 브랜드: TAGLIATORE, 카테고리: U/AB/JACKET, 원산지: 
❌ [실패] AB07XEFBR18A005: 치환 실패 - 브랜드: TAGLIATORE, 카테고리: U/AB/JACKET, 원산지: 
❌ [실패] AB07XN43C2EX001: 치환 실패 - 브랜드: BOGLIOLI, 카테고리: U/AB/JACKET, 원산지: 
❌ [실패] AB09X5B0NIAM001: 치환 실패 - 브랜드: VALENTINO, 카테고리: D/AB/SKIRT, 원산지: 
❌ [실패] AB07X2SVS22B002: 치환 실패 - 브랜드: TAGLIATORE, 카테고리: U/AB/JACKET, 원산지: 
❌ [실패] AB07XEFBR15A003: 치환 실패 - 브랜드: TAGLIATORE, 카테고리: U/AB/JACKET, 원산지: 
❌ [실패] AB16XEVAXXXX001: 치환 실패 - 브랜드: JENNY PACKHAM, 카테고리: D/AB/WEDDING, 원산지: 
❌ [실패] AB22CCUM00NX001: 치환 실패 - 브랜드: CP COMPANY, 카테고리: K/AB/T-SHIRT Colore unico, 원산지: 
❌ [실패] AB22CCRM002_002: 치환 실패 - 브랜드: CP COMPANY, 카테고리: K/AB/T-SHIRT Colore unico, 원산지: 
❌ [실패] AB22XDH1EG01001: 치환 실패 - 브랜드: BALMAIN, 카테고리: U/AB/T-SHIRT, 원산지: 
❌ [실패] AB07XEFBR18A008: 치환 실패 - 브랜드: TAGLIATORE, 카테고리: U/AB/JACKET, 원산지: 
❌ [실패] AL05X1K3AC99001: 치환 실패 - 브랜드: MISSONI, 카테고리: D/AL/HOME, 원산지: 
Traceback (most recent call last):
  File "/root/venv/lib/python3.10/site-packages/django/db/models/query.py", line 946, in get_or_create
    return self.get(**kwargs), False
  File "/root/venv/lib/python3.10/site-packages/django/db/models/query.py", line 633, in get
    raise self.model.DoesNotExist(
shop.models.Product.DoesNotExist: Product matching query does not exist.

During handling of the above exception, another exception occurred:

Traceback (most recent call last):
  File "/root/manage.py", line 22, in <module>
    main()
  File "/root/manage.py", line 18, in main
    execute_from_command_line(sys.argv)
  File "/root/venv/lib/python3.10/site-packages/django/core/management/__init__.py", line 442, in execute_from_command_line
    utility.execute()
  File "/root/venv/lib/python3.10/site-packages/django/core/management/__init__.py", line 436, in execute
    self.fetch_command(subcommand).run_from_argv(self.argv)
  File "/root/venv/lib/python3.10/site-packages/django/core/management/base.py", line 416, in run_from_argv
    self.execute(*args, **cmd_options)
  File "/root/venv/lib/python3.10/site-packages/django/core/management/base.py", line 460, in execute
    output = self.handle(*args, **options)
  File "/root/shop/management/commands/fetch_and_register_latti.py", line 13, in handle
    bulk_convert_or_update_products_by_retailer(retailer_code)
  File "/root/shop/services/product/conversion_service.py", line 139, in bulk_convert_or_update_products_by_retailer
    success = convert_or_update_product(raw_product)
  File "/root/shop/services/product/conversion_service.py", line 60, in convert_or_update_product
    product, created = Product.objects.update_or_create(
  File "/root/venv/lib/python3.10/site-packages/django/db/models/manager.py", line 87, in manager_method
    return getattr(self.get_queryset(), name)(*args, **kwargs)
  File "/root/venv/lib/python3.10/site-packages/django/db/models/query.py", line 988, in update_or_create
    obj, created = self.select_for_update().get_or_create(
  File "/root/venv/lib/python3.10/site-packages/django/db/models/query.py", line 953, in get_or_create
    return self.create(**params), True
  File "/root/venv/lib/python3.10/site-packages/django/db/models/query.py", line 663, in create
    obj.save(force_insert=True, using=self.db)
  File "/root/shop/models.py", line 110, in save
    markup = get_markup_from_product(self)
  File "/root/shop/utils/markup_util.py", line 11, in get_markup_from_product
    return BrandSetting.objects.get(
  File "/root/venv/lib/python3.10/site-packages/django/db/models/manager.py", line 87, in manager_method
    return getattr(self.get_queryset(), name)(*args, **kwargs)
  File "/root/venv/lib/python3.10/site-packages/django/db/models/query.py", line 619, in get
    clone = self._chain() if self.query.combinator else self.filter(*args, **kwargs)
  File "/root/venv/lib/python3.10/site-packages/django/db/models/query.py", line 1491, in filter
    return self._filter_or_exclude(False, args, kwargs)
  File "/root/venv/lib/python3.10/site-packages/django/db/models/query.py", line 1509, in _filter_or_exclude
    clone._filter_or_exclude_inplace(negate, args, kwargs)
  File "/root/venv/lib/python3.10/site-packages/django/db/models/query.py", line 1516, in _filter_or_exclude_inplace
    self._query.add_q(Q(*args, **kwargs))
  File "/root/venv/lib/python3.10/site-packages/django/db/models/sql/query.py", line 1643, in add_q
    clause, _ = self._add_q(q_object, can_reuse)
  File "/root/venv/lib/python3.10/site-packages/django/db/models/sql/query.py", line 1675, in _add_q
    child_clause, needed_inner = self.build_filter(
  File "/root/venv/lib/python3.10/site-packages/django/db/models/sql/query.py", line 1585, in build_filter
    condition = self.build_lookup(lookups, col, value)
  File "/root/venv/lib/python3.10/site-packages/django/db/models/sql/query.py", line 1417, in build_lookup
    raise ValueError("Cannot use None as a query value")
ValueError: Cannot use None as a query value
Exception ignored in: <generator object cursor_iter at 0x7ff9a91aaff0>
Traceback (most recent call last):
  File "/root/venv/lib/python3.10/site-packages/django/db/models/sql/compiler.py", line 2174, in cursor_iter
    cursor.close()
sqlite3.ProgrammingError: Cannot operate on a closed database.
✅ 2025-05-24 12:01:48 - 작업 완료
------------------------------
🛑 작업이 이미 실행 중입니다.
🕒 2025-05-24 16:00:01 - 작업 시작
System check identified some issues:

WARNINGS:
?: (staticfiles.W004) The directory '/root/static' in the STATICFILES_DIRS setting does not exist.
📥 라띠 상품 수집 시작~
📥 운영용 ZIP 다운로드 중...
🔍 응답 상태 코드: 200
🔍 응답 헤더: {'Content-Type': 'application/x-zip-compressed', 'Last-Modified': 'Fri, 23 May 2025 21:02:25 GMT', 'Accept-Ranges': 'bytes', 'ETag': '"a74125fc25ccdb1:0"', 'Server': 'Microsoft-IIS/8.5', 'X-Powered-By': 'ASP.NET', 'X-Powered-By-Plesk': 'PleskWin', 'Date': 'Sat, 24 May 2025 07:00:02 GMT', 'Content-Length': '171'}
✅ 최적화 저장 완료: 상품 0건
🛠️ 원본 → 가공상품 전환 시작~
❌ [실패] AB01XPS2530X001: 치환 실패 - 브랜드: COSTARELLOS, 카테고리: D/AB/DRESS, 원산지: 
❌ [실패] AB01XA0401XX007: 치환 실패 - 브랜드: ALBERTA FERRETTI, 카테고리: D/AB/DRESS, 원산지: 
❌ [실패] AB04XALOES-P001: 치환 실패 - 브랜드: PIERRE LOUIS MASCIA, 카테고리: D/AB/SHIRT, 원산지: 
❌ [실패] AB04X556MLMR001: 치환 실패 - 브랜드: XACUS, 카테고리: U/AB/SHIRT, 원산지: 
❌ [실패] AB04X556MLAF001: 치환 실패 - 브랜드: XACUS, 카테고리: U/AB/SHIRT, 원산지: 
❌ [실패] AB05X2SVS20B001: 치환 실패 - 브랜드: TAGLIATORE, 카테고리: U/AB/COAT, 원산지: 
❌ [실패] AB07X2FNA22B002: 치환 실패 - 브랜드: TAGLIATORE, 카테고리: U/AB/JACKET, 원산지: 
❌ [실패] AB01X5B3VA9M001: 치환 실패 - 브랜드: VALENTINO, 카테고리: D/AB/DRESS, 원산지: 
❌ [실패] AB13CKS10098003: 치환 실패 - 브랜드: KONGES SLOJD, 카테고리: K/AB/TROUSERS Colore unico, 원산지: 
❌ [실패] AB07XEFBR18A006: 치환 실패 - 브랜드: TAGLIATORE, 카테고리: U/AB/JACKET, 원산지: 
❌ [실패] AB07XEFBR18A007: 치환 실패 - 브랜드: TAGLIATORE, 카테고리: U/AB/JACKET, 원산지: 
❌ [실패] AB07XGWP0226001: 치환 실패 - 브랜드: GOLDEN GOOSE, 카테고리: D/AB/JACKET, 원산지: 
❌ [실패] AB07XSE25-20001: 치환 실패 - 브랜드: SWORD, 카테고리: D/AB/JACKET, 원산지: 
❌ [실패] AB03XBE0183X001: 치환 실패 - 브랜드: ACNE, 카테고리: U/AB/SHORT, 원산지: 
❌ [실패] AB07X2346XXX005: 치환 실패 - 브랜드: LUIGI BIANCHI, 카테고리: U/AB/JACKET, 원산지: 
❌ [실패] AB07X2SVS22B003: 치환 실패 - 브랜드: TAGLIATORE, 카테고리: U/AB/JACKET, 원산지: 
❌ [실패] AB08X1331XXX011: 치환 실패 - 브랜드: LUIGI BIANCHI, 카테고리: U/AB/VEST, 원산지: 
❌ [실패] AB08X1331XXX015: 치환 실패 - 브랜드: LUIGI BIANCHI, 카테고리: U/AB/VEST, 원산지: 
❌ [실패] AB13C312-957001: 치환 실패 - 브랜드: RALPH LAUREN, 카테고리: K/AB/TROUSERS Colore unico, 원산지: 
❌ [실패] AB16XFEDERIC002: 치환 실패 - 브랜드: FLORA, 카테고리: D/AB/WEDDING, 원산지: 
❌ [실패] AB10CCNM00L_002: 치환 실패 - 브랜드: CP COMPANY, 카테고리: K/AB/JERSEY Colore unico, 원산지: 
❌ [실패] AB13XA19183X001: 치환 실패 - 브랜드: DIESEL, 카테고리: D/AB/TROUSERS, 원산지: 
❌ [실패] AB21CEM00045002: 치환 실패 - 브랜드: EMPORIO ARMANI, 카테고리: U/AB/SUIT Colore unico, 원산지: 
❌ [실패] AB21X28QCGNX008: 치환 실패 - 브랜드: ZEGNA, 카테고리: U/AB/SUIT, 원산지: 
❌ [실패] AB16XA2300XX001: 치환 실패 - 브랜드: CARLA, 카테고리: D/AB/WEDDING, 원산지: 
❌ [실패] AB16XCASQUET001: 치환 실패 - 브랜드: ROSA CLARA, 카테고리: D/AB/WEDDING, 원산지: 
❌ [실패] AB16XLAMYAXX001: 치환 실패 - 브랜드: NICOLE, 카테고리: D/AB/WEDDING, 원산지: 
❌ [실패] AB16XDUSAXXX001: 치환 실패 - 브랜드: ROSACLARA BOHEME, 카테고리: D/AB/WEDDING, 원산지: 
❌ [실패] AB16XENNISXX001: 치환 실패 - 브랜드: ROSA CLARA, 카테고리: D/AB/WEDDING, 원산지: 
❌ [실패] AB16XERMAXXX001: 치환 실패 - 브랜드: ROSA CLARA, 카테고리: D/AB/WEDDING, 원산지: 
❌ [실패] AB01X6B3VDKK001: 치환 실패 - 브랜드: VALENTINO, 카테고리: D/AB/DRESS, 원산지: 
❌ [실패] AB16XSIMONE 001: 치환 실패 - 브랜드: FLORA, 카테고리: D/AB/WEDDING, 원산지: 
❌ [실패] AB18CP24TT08002: 치환 실패 - 브랜드: IL GUFO, 카테고리: K/AB/TOP Colore unico, 원산지: 
❌ [실패] AB16XCAPE LA001: 치환 실패 - 브랜드: NICOLE, 카테고리: D/AB/WEDDING, 원산지: 
❌ [실패] AB01XPS2573X001: 치환 실패 - 브랜드: COSTARELLOS, 카테고리: D/AB/DRESS, 원산지: 
❌ [실패] AB16XDORINAX001: 치환 실패 - 브랜드: ROSACLARA BOHEME, 카테고리: D/AB/WEDDING, 원산지: 
❌ [실패] AB16XNOAHXXX001: 치환 실패 - 브랜드: VERA WANG, 카테고리: D/AB/WEDDING, 원산지: 
❌ [실패] AB16XSOFIEXX001: 치환 실패 - 브랜드: JENNY PACKHAM, 카테고리: D/AB/WEDDING, 원산지: 
❌ [실패] AB22X392XXXX001: 치환 실패 - 브랜드: EXTREME CASHMERE, 카테고리: D/AB/T-SHIRT, 원산지: 
❌ [실패] AB03XFLP369X001: 치환 실패 - 브랜드: FENDI, 카테고리: U/AB/SHORT, 원산지: 
❌ [실패] AB04X5V0ABT9001: 치환 실패 - 브랜드: VALENTINO, 카테고리: U/AB/SHIRT, 원산지: 
❌ [실패] AB07X3FNJ22B001: 치환 실패 - 브랜드: TAGLIATORE, 카테고리: U/AB/JACKET, 원산지: 
❌ [실패] AB07XEFBR15A004: 치환 실패 - 브랜드: TAGLIATORE, 카테고리: U/AB/JACKET, 원산지: 
❌ [실패] AB07XEFNJ15A001: 치환 실패 - 브랜드: TAGLIATORE, 카테고리: U/AB/JACKET, 원산지: 
❌ [실패] AB04X6V3ABQ6001: 치환 실패 - 브랜드: VALENTINO, 카테고리: U/AB/SHIRT, 원산지: 
❌ [실패] AB03CKS10007004: 치환 실패 - 브랜드: KONGES SLOJD, 카테고리: K/AB/SHORT Colore unico, 원산지: 
❌ [실패] AB08XWMUS8JM002: 치환 실패 - 브랜드: CARUSO, 카테고리: U/AB/VEST, 원산지: 
❌ [실패] AB13XAA9P114001: 치환 실패 - 브랜드: ALAIA, 카테고리: D/AB/TROUSERS, 원산지: 
❌ [실패] AB07X3FNJ22B003: 치환 실패 - 브랜드: TAGLIATORE, 카테고리: U/AB/JACKET, 원산지: 
❌ [실패] AB08C322-956001: 치환 실패 - 브랜드: RALPH LAUREN, 카테고리: K/AB/VEST Colore unico, 원산지: 
❌ [실패] AB08XWMUS8JM001: 치환 실패 - 브랜드: CARUSO, 카테고리: U/AB/VEST, 원산지: 
❌ [실패] AB16XMARESXX001: 치환 실패 - 브랜드: ROSA CLARA COUTURE, 카테고리: D/AB/WEDDING, 원산지: 
❌ [실패] AB16XMARISMA001: 치환 실패 - 브랜드: ROSA CLARA COUTURE, 카테고리: D/AB/WEDDING, 원산지: 
❌ [실패] AB16XPANTALO001: 치환 실패 - 브랜드: HELENA, 카테고리: D/AB/WEDDING, 원산지: 
❌ [실패] AB13XCOATMAZ001: 치환 실패 - 브랜드: PT TORINO, 카테고리: U/AB/TROUSERS, 원산지: 
❌ [실패] AB03XBE0186X001: 치환 실패 - 브랜드: ACNE, 카테고리: U/AB/SHORT, 원산지: 
❌ [실패] AB21XLN1JM21001: 치환 실패 - 브랜드: CARUSO, 카테고리: U/AB/SUIT, 원산지: 
❌ [실패] AB16XKAYSAXX001: 치환 실패 - 브랜드: ROSACLARA SOFT, 카테고리: D/AB/WEDDING, 원산지: 
❌ [실패] AB16XOSKARIX001: 치환 실패 - 브랜드: JENNY PACKHAM, 카테고리: D/AB/WEDDING, 원산지: 
❌ [실패] AB22C9548C00010: 치환 실패 - 브랜드: MONCLER, 카테고리: K/AB/T-SHIRT Colore unico, 원산지: 
❌ [실패] AB04X538MLRC002: 치환 실패 - 브랜드: XACUS, 카테고리: U/AB/SHIRT, 원산지: 
❌ [실패] AB18X6B0AEAL001: 치환 실패 - 브랜드: VALENTINO, 카테고리: D/AB/TOP, 원산지: 
❌ [실패] AB21XMB400LD001: 치환 실패 - 브랜드: BRUNELLO CUCINELLI, 카테고리: U/AB/SUIT, 원산지: 
❌ [실패] AB21X282KGQX001: 치환 실패 - 브랜드: ZEGNA, 카테고리: U/AB/SUIT, 원산지: 
❌ [실패] AB01X816098X001: 치환 실패 - 브랜드: ALEXANDER MCQUEEN, 카테고리: D/AB/DRESS, 원산지: 
❌ [실패] AB22CCRM002X002: 치환 실패 - 브랜드: CP COMPANY, 카테고리: K/AB/T-SHIRT Colore unico, 원산지: 
❌ [실패] AB09X6B3RACV001: 치환 실패 - 브랜드: VALENTINO, 카테고리: D/AB/SKIRT, 원산지: 
❌ [실패] AB04X6B3AB7A001: 치환 실패 - 브랜드: VALENTINO, 카테고리: D/AB/SHIRT, 원산지: 
❌ [실패] AB04X6B3AEAB001: 치환 실패 - 브랜드: VALENTINO, 카테고리: D/AB/SHIRT, 원산지: 
❌ [실패] AB23CK1S1661012: 치환 실패 - 브랜드: STONE ISLAND, 카테고리: K/AB/SWEATSHIRT Colore unico, 원산지: 
❌ [실패] AB07X2FNJ22B001: 치환 실패 - 브랜드: TAGLIATORE, 카테고리: U/AB/JACKET, 원산지: 
❌ [실패] AB07XEFBR18A009: 치환 실패 - 브랜드: TAGLIATORE, 카테고리: U/AB/JACKET, 원산지: 
❌ [실패] AB04CW04XDRW001: 치환 실패 - 브랜드: BONPOINT, 카테고리: K/AB/SHIRT Colore unico, 원산지: 
❌ [실패] AB04X546MLCF001: 치환 실패 - 브랜드: XACUS, 카테고리: U/AB/SHIRT, 원산지: 
❌ [실패] AB04X556MLMA001: 치환 실패 - 브랜드: XACUS, 카테고리: U/AB/SHIRT, 원산지: 
❌ [실패] AB13X8392XXX004: 치환 실패 - 브랜드: LUIGI BIANCHI, 카테고리: U/AB/TROUSERS, 원산지: 
❌ [실패] AB16XEMSLEYX001: 치환 실패 - 브랜드: NICOLE COLET, 카테고리: D/AB/WEDDING, 원산지: 
❌ [실패] AB16XST2312X001: 치환 실패 - 브랜드: CARLA, 카테고리: D/AB/WEDDING, 원산지: 
❌ [실패] AB16XENYAXXX001: 치환 실패 - 브랜드: ROSA CLARA, 카테고리: D/AB/WEDDING, 원산지: 
❌ [실패] AB22CCOM00LX004: 치환 실패 - 브랜드: CP COMPANY, 카테고리: K/AB/T-SHIRT Colore unico, 원산지: 
❌ [실패] AB13CEM00012005: 치환 실패 - 브랜드: EMPORIO ARMANI, 카테고리: U/AB/TROUSERS Colore unico, 원산지: 
❌ [실패] AB23C322-958002: 치환 실패 - 브랜드: RALPH LAUREN, 카테고리: K/AB/SWEATSHIRT Colore unico, 원산지: 
❌ [실패] AB16XEVORAXX001: 치환 실패 - 브랜드: NICOLE COLET, 카테고리: D/AB/WEDDING, 원산지: 
❌ [실패] AB16XKIENAXX001: 치환 실패 - 브랜드: NICOLE, 카테고리: D/AB/WEDDING, 원산지: 
❌ [실패] AB16XV2306EU001: 치환 실패 - 브랜드: CARLA, 카테고리: D/AB/WEDDING, 원산지: 
❌ [실패] AB22XRU01E52002: 치환 실패 - 브랜드: RICK OWENS, 카테고리: U/AB/T-SHIRT, 원산지: 
❌ [실패] AB07X3FNJ22B002: 치환 실패 - 브랜드: TAGLIATORE, 카테고리: U/AB/JACKET, 원산지: 
❌ [실패] AB07XEFBR15A002: 치환 실패 - 브랜드: TAGLIATORE, 카테고리: U/AB/JACKET, 원산지: 
❌ [실패] AB07XEFBR18A005: 치환 실패 - 브랜드: TAGLIATORE, 카테고리: U/AB/JACKET, 원산지: 
❌ [실패] AB07XN43C2EX001: 치환 실패 - 브랜드: BOGLIOLI, 카테고리: U/AB/JACKET, 원산지: 
❌ [실패] AB09X5B0NIAM001: 치환 실패 - 브랜드: VALENTINO, 카테고리: D/AB/SKIRT, 원산지: 
❌ [실패] AB07X2SVS22B002: 치환 실패 - 브랜드: TAGLIATORE, 카테고리: U/AB/JACKET, 원산지: 
❌ [실패] AB07XEFBR15A003: 치환 실패 - 브랜드: TAGLIATORE, 카테고리: U/AB/JACKET, 원산지: 
❌ [실패] AB16XEVAXXXX001: 치환 실패 - 브랜드: JENNY PACKHAM, 카테고리: D/AB/WEDDING, 원산지: 
❌ [실패] AB22CCUM00NX001: 치환 실패 - 브랜드: CP COMPANY, 카테고리: K/AB/T-SHIRT Colore unico, 원산지: 
❌ [실패] AB22CCRM002_002: 치환 실패 - 브랜드: CP COMPANY, 카테고리: K/AB/T-SHIRT Colore unico, 원산지: 
❌ [실패] AB22XDH1EG01001: 치환 실패 - 브랜드: BALMAIN, 카테고리: U/AB/T-SHIRT, 원산지: 
❌ [실패] AB07XEFBR18A008: 치환 실패 - 브랜드: TAGLIATORE, 카테고리: U/AB/JACKET, 원산지: 
❌ [실패] AL05X1K3AC99001: 치환 실패 - 브랜드: MISSONI, 카테고리: D/AL/HOME, 원산지: 
Traceback (most recent call last):
  File "/root/venv/lib/python3.10/site-packages/django/db/models/query.py", line 946, in get_or_create
    return self.get(**kwargs), False
  File "/root/venv/lib/python3.10/site-packages/django/db/models/query.py", line 633, in get
    raise self.model.DoesNotExist(
shop.models.Product.DoesNotExist: Product matching query does not exist.

During handling of the above exception, another exception occurred:

Traceback (most recent call last):
  File "/root/manage.py", line 22, in <module>
    main()
  File "/root/manage.py", line 18, in main
    execute_from_command_line(sys.argv)
  File "/root/venv/lib/python3.10/site-packages/django/core/management/__init__.py", line 442, in execute_from_command_line
    utility.execute()
  File "/root/venv/lib/python3.10/site-packages/django/core/management/__init__.py", line 436, in execute
    self.fetch_command(subcommand).run_from_argv(self.argv)
  File "/root/venv/lib/python3.10/site-packages/django/core/management/base.py", line 416, in run_from_argv
    self.execute(*args, **cmd_options)
  File "/root/venv/lib/python3.10/site-packages/django/core/management/base.py", line 460, in execute
    output = self.handle(*args, **options)
  File "/root/shop/management/commands/fetch_and_register_latti.py", line 13, in handle
    bulk_convert_or_update_products_by_retailer(retailer_code)
  File "/root/shop/services/product/conversion_service.py", line 139, in bulk_convert_or_update_products_by_retailer
    success = convert_or_update_product(raw_product)
  File "/root/shop/services/product/conversion_service.py", line 60, in convert_or_update_product
    product, created = Product.objects.update_or_create(
  File "/root/venv/lib/python3.10/site-packages/django/db/models/manager.py", line 87, in manager_method
    return getattr(self.get_queryset(), name)(*args, **kwargs)
  File "/root/venv/lib/python3.10/site-packages/django/db/models/query.py", line 988, in update_or_create
    obj, created = self.select_for_update().get_or_create(
  File "/root/venv/lib/python3.10/site-packages/django/db/models/query.py", line 953, in get_or_create
    return self.create(**params), True
  File "/root/venv/lib/python3.10/site-packages/django/db/models/query.py", line 663, in create
    obj.save(force_insert=True, using=self.db)
  File "/root/shop/models.py", line 110, in save
    markup = get_markup_from_product(self)
  File "/root/shop/utils/markup_util.py", line 11, in get_markup_from_product
    return BrandSetting.objects.get(
  File "/root/venv/lib/python3.10/site-packages/django/db/models/manager.py", line 87, in manager_method
    return getattr(self.get_queryset(), name)(*args, **kwargs)
  File "/root/venv/lib/python3.10/site-packages/django/db/models/query.py", line 619, in get
    clone = self._chain() if self.query.combinator else self.filter(*args, **kwargs)
  File "/root/venv/lib/python3.10/site-packages/django/db/models/query.py", line 1491, in filter
    return self._filter_or_exclude(False, args, kwargs)
  File "/root/venv/lib/python3.10/site-packages/django/db/models/query.py", line 1509, in _filter_or_exclude
    clone._filter_or_exclude_inplace(negate, args, kwargs)
  File "/root/venv/lib/python3.10/site-packages/django/db/models/query.py", line 1516, in _filter_or_exclude_inplace
    self._query.add_q(Q(*args, **kwargs))
  File "/root/venv/lib/python3.10/site-packages/django/db/models/sql/query.py", line 1643, in add_q
    clause, _ = self._add_q(q_object, can_reuse)
  File "/root/venv/lib/python3.10/site-packages/django/db/models/sql/query.py", line 1675, in _add_q
    child_clause, needed_inner = self.build_filter(
  File "/root/venv/lib/python3.10/site-packages/django/db/models/sql/query.py", line 1585, in build_filter
    condition = self.build_lookup(lookups, col, value)
  File "/root/venv/lib/python3.10/site-packages/django/db/models/sql/query.py", line 1417, in build_lookup
    raise ValueError("Cannot use None as a query value")
ValueError: Cannot use None as a query value
Exception ignored in: <generator object cursor_iter at 0x7f478594aff0>
Traceback (most recent call last):
  File "/root/venv/lib/python3.10/site-packages/django/db/models/sql/compiler.py", line 2174, in cursor_iter
    cursor.close()
sqlite3.ProgrammingError: Cannot operate on a closed database.
✅ 2025-05-24 16:01:49 - 작업 완료
------------------------------
🛑 작업이 이미 실행 중입니다.
🕒 2025-05-24 20:00:01 - 작업 시작
System check identified some issues:

WARNINGS:
?: (staticfiles.W004) The directory '/root/static' in the STATICFILES_DIRS setting does not exist.
📥 라띠 상품 수집 시작~
📥 운영용 ZIP 다운로드 중...
🔍 응답 상태 코드: 200
🔍 응답 헤더: {'Content-Type': 'application/x-zip-compressed', 'Last-Modified': 'Fri, 23 May 2025 21:02:25 GMT', 'Accept-Ranges': 'bytes', 'ETag': '"a74125fc25ccdb1:0"', 'Server': 'Microsoft-IIS/8.5', 'X-Powered-By': 'ASP.NET', 'X-Powered-By-Plesk': 'PleskWin', 'Date': 'Sat, 24 May 2025 11:00:02 GMT', 'Content-Length': '171'}
✅ 최적화 저장 완료: 상품 0건
🛠️ 원본 → 가공상품 전환 시작~
❌ [실패] AB01XPS2530X001: 치환 실패 - 브랜드: COSTARELLOS, 카테고리: D/AB/DRESS, 원산지: 
❌ [실패] AB01XA0401XX007: 치환 실패 - 브랜드: ALBERTA FERRETTI, 카테고리: D/AB/DRESS, 원산지: 
❌ [실패] AB04XALOES-P001: 치환 실패 - 브랜드: PIERRE LOUIS MASCIA, 카테고리: D/AB/SHIRT, 원산지: 
❌ [실패] AB04X556MLMR001: 치환 실패 - 브랜드: XACUS, 카테고리: U/AB/SHIRT, 원산지: 
❌ [실패] AB04X556MLAF001: 치환 실패 - 브랜드: XACUS, 카테고리: U/AB/SHIRT, 원산지: 
❌ [실패] AB05X2SVS20B001: 치환 실패 - 브랜드: TAGLIATORE, 카테고리: U/AB/COAT, 원산지: 
❌ [실패] AB07X2FNA22B002: 치환 실패 - 브랜드: TAGLIATORE, 카테고리: U/AB/JACKET, 원산지: 
❌ [실패] AB01X5B3VA9M001: 치환 실패 - 브랜드: VALENTINO, 카테고리: D/AB/DRESS, 원산지: 
❌ [실패] AB13CKS10098003: 치환 실패 - 브랜드: KONGES SLOJD, 카테고리: K/AB/TROUSERS Colore unico, 원산지: 
❌ [실패] AB07XEFBR18A006: 치환 실패 - 브랜드: TAGLIATORE, 카테고리: U/AB/JACKET, 원산지: 
❌ [실패] AB07XEFBR18A007: 치환 실패 - 브랜드: TAGLIATORE, 카테고리: U/AB/JACKET, 원산지: 
❌ [실패] AB07XGWP0226001: 치환 실패 - 브랜드: GOLDEN GOOSE, 카테고리: D/AB/JACKET, 원산지: 
❌ [실패] AB07XSE25-20001: 치환 실패 - 브랜드: SWORD, 카테고리: D/AB/JACKET, 원산지: 
❌ [실패] AB03XBE0183X001: 치환 실패 - 브랜드: ACNE, 카테고리: U/AB/SHORT, 원산지: 
❌ [실패] AB07X2346XXX005: 치환 실패 - 브랜드: LUIGI BIANCHI, 카테고리: U/AB/JACKET, 원산지: 
❌ [실패] AB07X2SVS22B003: 치환 실패 - 브랜드: TAGLIATORE, 카테고리: U/AB/JACKET, 원산지: 
❌ [실패] AB08X1331XXX011: 치환 실패 - 브랜드: LUIGI BIANCHI, 카테고리: U/AB/VEST, 원산지: 
❌ [실패] AB08X1331XXX015: 치환 실패 - 브랜드: LUIGI BIANCHI, 카테고리: U/AB/VEST, 원산지: 
❌ [실패] AB13C312-957001: 치환 실패 - 브랜드: RALPH LAUREN, 카테고리: K/AB/TROUSERS Colore unico, 원산지: 
❌ [실패] AB16XFEDERIC002: 치환 실패 - 브랜드: FLORA, 카테고리: D/AB/WEDDING, 원산지: 
❌ [실패] AB10CCNM00L_002: 치환 실패 - 브랜드: CP COMPANY, 카테고리: K/AB/JERSEY Colore unico, 원산지: 
❌ [실패] AB13XA19183X001: 치환 실패 - 브랜드: DIESEL, 카테고리: D/AB/TROUSERS, 원산지: 
❌ [실패] AB21CEM00045002: 치환 실패 - 브랜드: EMPORIO ARMANI, 카테고리: U/AB/SUIT Colore unico, 원산지: 
❌ [실패] AB21X28QCGNX008: 치환 실패 - 브랜드: ZEGNA, 카테고리: U/AB/SUIT, 원산지: 
❌ [실패] AB16XA2300XX001: 치환 실패 - 브랜드: CARLA, 카테고리: D/AB/WEDDING, 원산지: 
❌ [실패] AB16XCASQUET001: 치환 실패 - 브랜드: ROSA CLARA, 카테고리: D/AB/WEDDING, 원산지: 
❌ [실패] AB16XLAMYAXX001: 치환 실패 - 브랜드: NICOLE, 카테고리: D/AB/WEDDING, 원산지: 
❌ [실패] AB16XDUSAXXX001: 치환 실패 - 브랜드: ROSACLARA BOHEME, 카테고리: D/AB/WEDDING, 원산지: 
❌ [실패] AB16XENNISXX001: 치환 실패 - 브랜드: ROSA CLARA, 카테고리: D/AB/WEDDING, 원산지: 
❌ [실패] AB16XERMAXXX001: 치환 실패 - 브랜드: ROSA CLARA, 카테고리: D/AB/WEDDING, 원산지: 
❌ [실패] AB01X6B3VDKK001: 치환 실패 - 브랜드: VALENTINO, 카테고리: D/AB/DRESS, 원산지: 
❌ [실패] AB16XSIMONE 001: 치환 실패 - 브랜드: FLORA, 카테고리: D/AB/WEDDING, 원산지: 
❌ [실패] AB18CP24TT08002: 치환 실패 - 브랜드: IL GUFO, 카테고리: K/AB/TOP Colore unico, 원산지: 
❌ [실패] AB16XCAPE LA001: 치환 실패 - 브랜드: NICOLE, 카테고리: D/AB/WEDDING, 원산지: 
❌ [실패] AB01XPS2573X001: 치환 실패 - 브랜드: COSTARELLOS, 카테고리: D/AB/DRESS, 원산지: 
❌ [실패] AB16XDORINAX001: 치환 실패 - 브랜드: ROSACLARA BOHEME, 카테고리: D/AB/WEDDING, 원산지: 
❌ [실패] AB16XNOAHXXX001: 치환 실패 - 브랜드: VERA WANG, 카테고리: D/AB/WEDDING, 원산지: 
❌ [실패] AB16XSOFIEXX001: 치환 실패 - 브랜드: JENNY PACKHAM, 카테고리: D/AB/WEDDING, 원산지: 
❌ [실패] AB22X392XXXX001: 치환 실패 - 브랜드: EXTREME CASHMERE, 카테고리: D/AB/T-SHIRT, 원산지: 
❌ [실패] AB03XFLP369X001: 치환 실패 - 브랜드: FENDI, 카테고리: U/AB/SHORT, 원산지: 
❌ [실패] AB04X5V0ABT9001: 치환 실패 - 브랜드: VALENTINO, 카테고리: U/AB/SHIRT, 원산지: 
❌ [실패] AB07X3FNJ22B001: 치환 실패 - 브랜드: TAGLIATORE, 카테고리: U/AB/JACKET, 원산지: 
❌ [실패] AB07XEFBR15A004: 치환 실패 - 브랜드: TAGLIATORE, 카테고리: U/AB/JACKET, 원산지: 
❌ [실패] AB07XEFNJ15A001: 치환 실패 - 브랜드: TAGLIATORE, 카테고리: U/AB/JACKET, 원산지: 
❌ [실패] AB04X6V3ABQ6001: 치환 실패 - 브랜드: VALENTINO, 카테고리: U/AB/SHIRT, 원산지: 
❌ [실패] AB03CKS10007004: 치환 실패 - 브랜드: KONGES SLOJD, 카테고리: K/AB/SHORT Colore unico, 원산지: 
❌ [실패] AB08XWMUS8JM002: 치환 실패 - 브랜드: CARUSO, 카테고리: U/AB/VEST, 원산지: 
❌ [실패] AB13XAA9P114001: 치환 실패 - 브랜드: ALAIA, 카테고리: D/AB/TROUSERS, 원산지: 
❌ [실패] AB07X3FNJ22B003: 치환 실패 - 브랜드: TAGLIATORE, 카테고리: U/AB/JACKET, 원산지: 
❌ [실패] AB08C322-956001: 치환 실패 - 브랜드: RALPH LAUREN, 카테고리: K/AB/VEST Colore unico, 원산지: 
❌ [실패] AB08XWMUS8JM001: 치환 실패 - 브랜드: CARUSO, 카테고리: U/AB/VEST, 원산지: 
❌ [실패] AB16XMARESXX001: 치환 실패 - 브랜드: ROSA CLARA COUTURE, 카테고리: D/AB/WEDDING, 원산지: 
❌ [실패] AB16XMARISMA001: 치환 실패 - 브랜드: ROSA CLARA COUTURE, 카테고리: D/AB/WEDDING, 원산지: 
❌ [실패] AB16XPANTALO001: 치환 실패 - 브랜드: HELENA, 카테고리: D/AB/WEDDING, 원산지: 
❌ [실패] AB13XCOATMAZ001: 치환 실패 - 브랜드: PT TORINO, 카테고리: U/AB/TROUSERS, 원산지: 
❌ [실패] AB03XBE0186X001: 치환 실패 - 브랜드: ACNE, 카테고리: U/AB/SHORT, 원산지: 
❌ [실패] AB21XLN1JM21001: 치환 실패 - 브랜드: CARUSO, 카테고리: U/AB/SUIT, 원산지: 
❌ [실패] AB16XKAYSAXX001: 치환 실패 - 브랜드: ROSACLARA SOFT, 카테고리: D/AB/WEDDING, 원산지: 
❌ [실패] AB16XOSKARIX001: 치환 실패 - 브랜드: JENNY PACKHAM, 카테고리: D/AB/WEDDING, 원산지: 
❌ [실패] AB22C9548C00010: 치환 실패 - 브랜드: MONCLER, 카테고리: K/AB/T-SHIRT Colore unico, 원산지: 
❌ [실패] AB04X538MLRC002: 치환 실패 - 브랜드: XACUS, 카테고리: U/AB/SHIRT, 원산지: 
❌ [실패] AB18X6B0AEAL001: 치환 실패 - 브랜드: VALENTINO, 카테고리: D/AB/TOP, 원산지: 
❌ [실패] AB21XMB400LD001: 치환 실패 - 브랜드: BRUNELLO CUCINELLI, 카테고리: U/AB/SUIT, 원산지: 
❌ [실패] AB21X282KGQX001: 치환 실패 - 브랜드: ZEGNA, 카테고리: U/AB/SUIT, 원산지: 
❌ [실패] AB01X816098X001: 치환 실패 - 브랜드: ALEXANDER MCQUEEN, 카테고리: D/AB/DRESS, 원산지: 
❌ [실패] AB22CCRM002X002: 치환 실패 - 브랜드: CP COMPANY, 카테고리: K/AB/T-SHIRT Colore unico, 원산지: 
❌ [실패] AB09X6B3RACV001: 치환 실패 - 브랜드: VALENTINO, 카테고리: D/AB/SKIRT, 원산지: 
❌ [실패] AB04X6B3AB7A001: 치환 실패 - 브랜드: VALENTINO, 카테고리: D/AB/SHIRT, 원산지: 
❌ [실패] AB04X6B3AEAB001: 치환 실패 - 브랜드: VALENTINO, 카테고리: D/AB/SHIRT, 원산지: 
❌ [실패] AB23CK1S1661012: 치환 실패 - 브랜드: STONE ISLAND, 카테고리: K/AB/SWEATSHIRT Colore unico, 원산지: 
❌ [실패] AB07X2FNJ22B001: 치환 실패 - 브랜드: TAGLIATORE, 카테고리: U/AB/JACKET, 원산지: 
❌ [실패] AB07XEFBR18A009: 치환 실패 - 브랜드: TAGLIATORE, 카테고리: U/AB/JACKET, 원산지: 
❌ [실패] AB04CW04XDRW001: 치환 실패 - 브랜드: BONPOINT, 카테고리: K/AB/SHIRT Colore unico, 원산지: 
❌ [실패] AB04X546MLCF001: 치환 실패 - 브랜드: XACUS, 카테고리: U/AB/SHIRT, 원산지: 
❌ [실패] AB04X556MLMA001: 치환 실패 - 브랜드: XACUS, 카테고리: U/AB/SHIRT, 원산지: 
❌ [실패] AB13X8392XXX004: 치환 실패 - 브랜드: LUIGI BIANCHI, 카테고리: U/AB/TROUSERS, 원산지: 
❌ [실패] AB16XEMSLEYX001: 치환 실패 - 브랜드: NICOLE COLET, 카테고리: D/AB/WEDDING, 원산지: 
❌ [실패] AB16XST2312X001: 치환 실패 - 브랜드: CARLA, 카테고리: D/AB/WEDDING, 원산지: 
❌ [실패] AB16XENYAXXX001: 치환 실패 - 브랜드: ROSA CLARA, 카테고리: D/AB/WEDDING, 원산지: 
❌ [실패] AB22CCOM00LX004: 치환 실패 - 브랜드: CP COMPANY, 카테고리: K/AB/T-SHIRT Colore unico, 원산지: 
❌ [실패] AB13CEM00012005: 치환 실패 - 브랜드: EMPORIO ARMANI, 카테고리: U/AB/TROUSERS Colore unico, 원산지: 
❌ [실패] AB23C322-958002: 치환 실패 - 브랜드: RALPH LAUREN, 카테고리: K/AB/SWEATSHIRT Colore unico, 원산지: 
❌ [실패] AB16XEVORAXX001: 치환 실패 - 브랜드: NICOLE COLET, 카테고리: D/AB/WEDDING, 원산지: 
❌ [실패] AB16XKIENAXX001: 치환 실패 - 브랜드: NICOLE, 카테고리: D/AB/WEDDING, 원산지: 
❌ [실패] AB16XV2306EU001: 치환 실패 - 브랜드: CARLA, 카테고리: D/AB/WEDDING, 원산지: 
❌ [실패] AB22XRU01E52002: 치환 실패 - 브랜드: RICK OWENS, 카테고리: U/AB/T-SHIRT, 원산지: 
❌ [실패] AB07X3FNJ22B002: 치환 실패 - 브랜드: TAGLIATORE, 카테고리: U/AB/JACKET, 원산지: 
❌ [실패] AB07XEFBR15A002: 치환 실패 - 브랜드: TAGLIATORE, 카테고리: U/AB/JACKET, 원산지: 
❌ [실패] AB07XEFBR18A005: 치환 실패 - 브랜드: TAGLIATORE, 카테고리: U/AB/JACKET, 원산지: 
❌ [실패] AB07XN43C2EX001: 치환 실패 - 브랜드: BOGLIOLI, 카테고리: U/AB/JACKET, 원산지: 
❌ [실패] AB09X5B0NIAM001: 치환 실패 - 브랜드: VALENTINO, 카테고리: D/AB/SKIRT, 원산지: 
❌ [실패] AB07X2SVS22B002: 치환 실패 - 브랜드: TAGLIATORE, 카테고리: U/AB/JACKET, 원산지: 
❌ [실패] AB07XEFBR15A003: 치환 실패 - 브랜드: TAGLIATORE, 카테고리: U/AB/JACKET, 원산지: 
❌ [실패] AB16XEVAXXXX001: 치환 실패 - 브랜드: JENNY PACKHAM, 카테고리: D/AB/WEDDING, 원산지: 
❌ [실패] AB22CCUM00NX001: 치환 실패 - 브랜드: CP COMPANY, 카테고리: K/AB/T-SHIRT Colore unico, 원산지: 
❌ [실패] AB22CCRM002_002: 치환 실패 - 브랜드: CP COMPANY, 카테고리: K/AB/T-SHIRT Colore unico, 원산지: 
❌ [실패] AB22XDH1EG01001: 치환 실패 - 브랜드: BALMAIN, 카테고리: U/AB/T-SHIRT, 원산지: 
❌ [실패] AB07XEFBR18A008: 치환 실패 - 브랜드: TAGLIATORE, 카테고리: U/AB/JACKET, 원산지: 
❌ [실패] AL05X1K3AC99001: 치환 실패 - 브랜드: MISSONI, 카테고리: D/AL/HOME, 원산지: 
Traceback (most recent call last):
  File "/root/venv/lib/python3.10/site-packages/django/db/models/query.py", line 946, in get_or_create
    return self.get(**kwargs), False
  File "/root/venv/lib/python3.10/site-packages/django/db/models/query.py", line 633, in get
    raise self.model.DoesNotExist(
shop.models.Product.DoesNotExist: Product matching query does not exist.

During handling of the above exception, another exception occurred:

Traceback (most recent call last):
  File "/root/manage.py", line 22, in <module>
    main()
  File "/root/manage.py", line 18, in main
    execute_from_command_line(sys.argv)
  File "/root/venv/lib/python3.10/site-packages/django/core/management/__init__.py", line 442, in execute_from_command_line
    utility.execute()
  File "/root/venv/lib/python3.10/site-packages/django/core/management/__init__.py", line 436, in execute
    self.fetch_command(subcommand).run_from_argv(self.argv)
  File "/root/venv/lib/python3.10/site-packages/django/core/management/base.py", line 416, in run_from_argv
    self.execute(*args, **cmd_options)
  File "/root/venv/lib/python3.10/site-packages/django/core/management/base.py", line 460, in execute
    output = self.handle(*args, **options)
  File "/root/shop/management/commands/fetch_and_register_latti.py", line 13, in handle
    bulk_convert_or_update_products_by_retailer(retailer_code)
  File "/root/shop/services/product/conversion_service.py", line 139, in bulk_convert_or_update_products_by_retailer
    success = convert_or_update_product(raw_product)
  File "/root/shop/services/product/conversion_service.py", line 60, in convert_or_update_product
    product, created = Product.objects.update_or_create(
  File "/root/venv/lib/python3.10/site-packages/django/db/models/manager.py", line 87, in manager_method
    return getattr(self.get_queryset(), name)(*args, **kwargs)
  File "/root/venv/lib/python3.10/site-packages/django/db/models/query.py", line 988, in update_or_create
    obj, created = self.select_for_update().get_or_create(
  File "/root/venv/lib/python3.10/site-packages/django/db/models/query.py", line 953, in get_or_create
    return self.create(**params), True
  File "/root/venv/lib/python3.10/site-packages/django/db/models/query.py", line 663, in create
    obj.save(force_insert=True, using=self.db)
  File "/root/shop/models.py", line 110, in save
    markup = get_markup_from_product(self)
  File "/root/shop/utils/markup_util.py", line 11, in get_markup_from_product
    return BrandSetting.objects.get(
  File "/root/venv/lib/python3.10/site-packages/django/db/models/manager.py", line 87, in manager_method
    return getattr(self.get_queryset(), name)(*args, **kwargs)
  File "/root/venv/lib/python3.10/site-packages/django/db/models/query.py", line 619, in get
    clone = self._chain() if self.query.combinator else self.filter(*args, **kwargs)
  File "/root/venv/lib/python3.10/site-packages/django/db/models/query.py", line 1491, in filter
    return self._filter_or_exclude(False, args, kwargs)
  File "/root/venv/lib/python3.10/site-packages/django/db/models/query.py", line 1509, in _filter_or_exclude
    clone._filter_or_exclude_inplace(negate, args, kwargs)
  File "/root/venv/lib/python3.10/site-packages/django/db/models/query.py", line 1516, in _filter_or_exclude_inplace
    self._query.add_q(Q(*args, **kwargs))
  File "/root/venv/lib/python3.10/site-packages/django/db/models/sql/query.py", line 1643, in add_q
    clause, _ = self._add_q(q_object, can_reuse)
  File "/root/venv/lib/python3.10/site-packages/django/db/models/sql/query.py", line 1675, in _add_q
    child_clause, needed_inner = self.build_filter(
  File "/root/venv/lib/python3.10/site-packages/django/db/models/sql/query.py", line 1585, in build_filter
    condition = self.build_lookup(lookups, col, value)
  File "/root/venv/lib/python3.10/site-packages/django/db/models/sql/query.py", line 1417, in build_lookup
    raise ValueError("Cannot use None as a query value")
ValueError: Cannot use None as a query value
Exception ignored in: <generator object cursor_iter at 0x7fa74e7deff0>
Traceback (most recent call last):
  File "/root/venv/lib/python3.10/site-packages/django/db/models/sql/compiler.py", line 2174, in cursor_iter
    cursor.close()
sqlite3.ProgrammingError: Cannot operate on a closed database.
✅ 2025-05-24 20:01:49 - 작업 완료
------------------------------
🛑 작업이 이미 실행 중입니다.
🕒 2025-05-25 00:00:01 - 작업 시작
System check identified some issues:

WARNINGS:
?: (staticfiles.W004) The directory '/root/static' in the STATICFILES_DIRS setting does not exist.
📥 라띠 상품 수집 시작~
📥 운영용 ZIP 다운로드 중...
🔍 응답 상태 코드: 200
🔍 응답 헤더: {'Content-Type': 'application/x-zip-compressed', 'Last-Modified': 'Fri, 23 May 2025 21:02:25 GMT', 'Accept-Ranges': 'bytes', 'ETag': '"a74125fc25ccdb1:0"', 'Server': 'Microsoft-IIS/8.5', 'X-Powered-By': 'ASP.NET', 'X-Powered-By-Plesk': 'PleskWin', 'Date': 'Sat, 24 May 2025 15:00:03 GMT', 'Content-Length': '171'}
✅ 최적화 저장 완료: 상품 0건
🛠️ 원본 → 가공상품 전환 시작~
Traceback (most recent call last):
  File "/root/venv/lib/python3.10/site-packages/django/db/backends/utils.py", line 105, in _execute
    return self.cursor.execute(sql, params)
  File "/root/venv/lib/python3.10/site-packages/django/db/backends/sqlite3/base.py", line 360, in execute
    return super().execute(query, params)
sqlite3.OperationalError: database is locked

The above exception was the direct cause of the following exception:

Traceback (most recent call last):
  File "/root/manage.py", line 22, in <module>
    main()
  File "/root/manage.py", line 18, in main
    execute_from_command_line(sys.argv)
  File "/root/venv/lib/python3.10/site-packages/django/core/management/__init__.py", line 442, in execute_from_command_line
    utility.execute()
  File "/root/venv/lib/python3.10/site-packages/django/core/management/__init__.py", line 436, in execute
    self.fetch_command(subcommand).run_from_argv(self.argv)
  File "/root/venv/lib/python3.10/site-packages/django/core/management/base.py", line 416, in run_from_argv
    self.execute(*args, **cmd_options)
  File "/root/venv/lib/python3.10/site-packages/django/core/management/base.py", line 460, in execute
    output = self.handle(*args, **options)
  File "/root/shop/management/commands/fetch_and_register_latti.py", line 13, in handle
    bulk_convert_or_update_products_by_retailer(retailer_code)
  File "/root/shop/services/product/conversion_service.py", line 149, in bulk_convert_or_update_products_by_retailer
    for raw_product in raw_products:
  File "/root/venv/lib/python3.10/site-packages/django/db/models/query.py", line 502, in _iterator
    yield from iterable
  File "/root/venv/lib/python3.10/site-packages/django/db/models/query.py", line 91, in __iter__
    results = compiler.execute_sql(
  File "/root/venv/lib/python3.10/site-packages/django/db/models/sql/compiler.py", line 1623, in execute_sql
    cursor.execute(sql, params)
  File "/root/venv/lib/python3.10/site-packages/django/db/backends/utils.py", line 122, in execute
    return super().execute(sql, params)
  File "/root/venv/lib/python3.10/site-packages/django/db/backends/utils.py", line 79, in execute
    return self._execute_with_wrappers(
  File "/root/venv/lib/python3.10/site-packages/django/db/backends/utils.py", line 92, in _execute_with_wrappers
    return executor(sql, params, many, context)
  File "/root/venv/lib/python3.10/site-packages/django/db/backends/utils.py", line 100, in _execute
    with self.db.wrap_database_errors:
  File "/root/venv/lib/python3.10/site-packages/django/db/utils.py", line 91, in __exit__
    raise dj_exc_value.with_traceback(traceback) from exc_value
  File "/root/venv/lib/python3.10/site-packages/django/db/backends/utils.py", line 105, in _execute
    return self.cursor.execute(sql, params)
  File "/root/venv/lib/python3.10/site-packages/django/db/backends/sqlite3/base.py", line 360, in execute
    return super().execute(query, params)
django.db.utils.OperationalError: database is locked
✅ 2025-05-25 00:00:09 - 작업 완료
------------------------------
🛑 작업이 이미 실행 중입니다.
🕒 2025-05-25 04:00:01 - 작업 시작
📥 라띠 상품 수집 시작~
📥 운영용 ZIP 다운로드 중...
🔍 응답 상태 코드: 200
🔍 응답 헤더: {'Content-Type': 'application/x-zip-compressed', 'Last-Modified': 'Fri, 23 May 2025 21:02:25 GMT', 'Accept-Ranges': 'bytes', 'ETag': '"a74125fc25ccdb1:0"', 'Server': 'Microsoft-IIS/8.5', 'X-Powered-By': 'ASP.NET', 'X-Powered-By-Plesk': 'PleskWin', 'Date': 'Sat, 24 May 2025 19:00:02 GMT', 'Content-Length': '171'}
✅ 최적화 저장 완료: 상품 0건
🛠️ 원본 → 가공상품 전환 시작~
✅ [IT-R-01] 전송 완료 - 성공: 4080개 / 실패: 1388개
✅ 작업 완료~
✅ 2025-05-25 04:04:12 - 작업 완료
------------------------------
🛑 작업이 이미 실행 중입니다.
🕒 2025-05-25 08:00:01 - 작업 시작
📥 라띠 상품 수집 시작~
📥 운영용 ZIP 다운로드 중...
🔍 응답 상태 코드: 200
🔍 응답 헤더: {'Content-Type': 'application/x-zip-compressed', 'Last-Modified': 'Sat, 24 May 2025 21:03:06 GMT', 'Accept-Ranges': 'bytes', 'ETag': '"9512d83eefccdb1:0"', 'Server': 'Microsoft-IIS/8.5', 'X-Powered-By': 'ASP.NET', 'X-Powered-By-Plesk': 'PleskWin', 'Date': 'Sat, 24 May 2025 23:00:02 GMT', 'Content-Length': '916901'}
✅ 최적화 저장 완료: 상품 5276건
🛠️ 원본 → 가공상품 전환 시작~
✅ [IT-R-01] 전송 완료 - 성공: 4023개 / 실패: 1465개
✅ 작업 완료~
✅ 2025-05-25 08:04:57 - 작업 완료
------------------------------
🛑 작업이 이미 실행 중입니다.
🕒 2025-05-25 12:00:01 - 작업 시작
📥 라띠 상품 수집 시작~
📥 운영용 ZIP 다운로드 중...
🔍 응답 상태 코드: 200
🔍 응답 헤더: {'Content-Type': 'application/x-zip-compressed', 'Last-Modified': 'Sat, 24 May 2025 21:03:06 GMT', 'Accept-Ranges': 'bytes', 'ETag': '"9512d83eefccdb1:0"', 'Server': 'Microsoft-IIS/8.5', 'X-Powered-By': 'ASP.NET', 'X-Powered-By-Plesk': 'PleskWin', 'Date': 'Sun, 25 May 2025 03:00:04 GMT', 'Content-Length': '916901'}
✅ 최적화 저장 완료: 상품 5276건
🛠️ 원본 → 가공상품 전환 시작~
✅ [IT-R-01] 전송 완료 - 성공: 4023개 / 실패: 1465개
✅ 작업 완료~
✅ 2025-05-25 12:05:03 - 작업 완료
------------------------------
🛑 작업이 이미 실행 중입니다.
🕒 2025-05-25 16:00:01 - 작업 시작
📥 라띠 상품 수집 시작~
📥 운영용 ZIP 다운로드 중...
🔍 응답 상태 코드: 200
🔍 응답 헤더: {'Content-Type': 'application/x-zip-compressed', 'Last-Modified': 'Sat, 24 May 2025 21:03:06 GMT', 'Accept-Ranges': 'bytes', 'ETag': '"9512d83eefccdb1:0"', 'Server': 'Microsoft-IIS/8.5', 'X-Powered-By': 'ASP.NET', 'X-Powered-By-Plesk': 'PleskWin', 'Date': 'Sun, 25 May 2025 07:00:02 GMT', 'Content-Length': '916901'}
✅ 최적화 저장 완료: 상품 5276건
🛠️ 원본 → 가공상품 전환 시작~
✅ [IT-R-01] 전송 완료 - 성공: 4023개 / 실패: 1465개
✅ 작업 완료~
✅ 2025-05-25 16:05:02 - 작업 완료
------------------------------
🛑 작업이 이미 실행 중입니다.
🕒 2025-05-25 20:00:01 - 작업 시작
📥 라띠 상품 수집 시작~
📥 운영용 ZIP 다운로드 중...
🔍 응답 상태 코드: 200
🔍 응답 헤더: {'Content-Type': 'application/x-zip-compressed', 'Last-Modified': 'Sat, 24 May 2025 21:03:06 GMT', 'Accept-Ranges': 'bytes', 'ETag': '"9512d83eefccdb1:0"', 'Server': 'Microsoft-IIS/8.5', 'X-Powered-By': 'ASP.NET', 'X-Powered-By-Plesk': 'PleskWin', 'Date': 'Sun, 25 May 2025 11:00:02 GMT', 'Content-Length': '916901'}
✅ 최적화 저장 완료: 상품 5276건
🛠️ 원본 → 가공상품 전환 시작~
✅ [IT-R-01] 전송 완료 - 성공: 4023개 / 실패: 1465개
✅ 작업 완료~
✅ 2025-05-25 20:04:59 - 작업 완료
------------------------------
🛑 작업이 이미 실행 중입니다.
🕒 2025-05-26 00:00:01 - 작업 시작
📥 라띠 상품 수집 시작~
📥 운영용 ZIP 다운로드 중...
🔍 응답 상태 코드: 200
🔍 응답 헤더: {'Content-Type': 'application/x-zip-compressed', 'Last-Modified': 'Sat, 24 May 2025 21:03:06 GMT', 'Accept-Ranges': 'bytes', 'ETag': '"9512d83eefccdb1:0"', 'Server': 'Microsoft-IIS/8.5', 'X-Powered-By': 'ASP.NET', 'X-Powered-By-Plesk': 'PleskWin', 'Date': 'Sun, 25 May 2025 15:00:02 GMT', 'Content-Length': '916901'}
✅ 최적화 저장 완료: 상품 5276건
🛠️ 원본 → 가공상품 전환 시작~
✅ [IT-R-01] 전송 완료 - 성공: 4023개 / 실패: 1465개
✅ 작업 완료~
✅ 2025-05-26 00:05:01 - 작업 완료
------------------------------
🛑 작업이 이미 실행 중입니다.
🕒 2025-05-26 04:00:01 - 작업 시작
📥 라띠 상품 수집 시작~
📥 운영용 ZIP 다운로드 중...
🔍 응답 상태 코드: 200
🔍 응답 헤더: {'Content-Type': 'application/x-zip-compressed', 'Last-Modified': 'Sat, 24 May 2025 21:03:06 GMT', 'Accept-Ranges': 'bytes', 'ETag': '"9512d83eefccdb1:0"', 'Server': 'Microsoft-IIS/8.5', 'X-Powered-By': 'ASP.NET', 'X-Powered-By-Plesk': 'PleskWin', 'Date': 'Sun, 25 May 2025 19:00:02 GMT', 'Content-Length': '916901'}
✅ 최적화 저장 완료: 상품 5276건
🛠️ 원본 → 가공상품 전환 시작~
✅ [IT-R-01] 전송 완료 - 성공: 4023개 / 실패: 1465개
✅ 작업 완료~
✅ 2025-05-26 04:05:02 - 작업 완료
------------------------------
🛑 작업이 이미 실행 중입니다.
🕒 2025-05-26 08:00:01 - 작업 시작
📥 라띠 상품 수집 시작~
📥 운영용 ZIP 다운로드 중...
🔍 응답 상태 코드: 200
🔍 응답 헤더: {'Content-Type': 'application/x-zip-compressed', 'Last-Modified': 'Sun, 25 May 2025 21:02:30 GMT', 'Accept-Ranges': 'bytes', 'ETag': '"8b8e1354b8cddb1:0"', 'Server': 'Microsoft-IIS/8.5', 'X-Powered-By': 'ASP.NET', 'X-Powered-By-Plesk': 'PleskWin', 'Date': 'Sun, 25 May 2025 23:00:02 GMT', 'Content-Length': '913599'}
✅ 최적화 저장 완료: 상품 5261건
🛠️ 원본 → 가공상품 전환 시작~
✅ [IT-R-01] 전송 완료 - 성공: 4014개 / 실패: 1474개
✅ 작업 완료~
✅ 2025-05-26 08:05:04 - 작업 완료
------------------------------
🛑 작업이 이미 실행 중입니다.
🕒 2025-05-30 16:00:01 - 작업 시작
📥 라띠 상품 수집 + 등록 시작
📥 운영용 ZIP 다운로드 중...
🔍 응답 상태 코드: 200
🔍 응답 헤더: {'Content-Type': 'application/x-zip-compressed', 'Last-Modified': 'Thu, 29 May 2025 21:04:13 GMT', 'Accept-Ranges': 'bytes', 'ETag': '"4427153bddd0db1:0"', 'Server': 'Microsoft-IIS/8.5', 'X-Powered-By': 'ASP.NET', 'X-Powered-By-Plesk': 'PleskWin', 'Date': 'Fri, 30 May 2025 07:00:03 GMT', 'Content-Length': '1080094'}
✅ 최적화 저장 완료: 상품 6320건
✅ [IT-R-01] 전송 완료 - 성공: 4221개 / 실패: 2460개
✅ 완료: 수집 6320개 / 등록 4221개
✅ 2025-05-30 16:05:16 - 작업 완료
------------------------------
🛑 작업이 이미 실행 중입니다.
🕒 2025-05-30 20:00:01 - 작업 시작
📥 라띠 상품 수집 + 등록 시작
📥 운영용 ZIP 다운로드 중...
🔍 응답 상태 코드: 200
🔍 응답 헤더: {'Content-Type': 'application/x-zip-compressed', 'Last-Modified': 'Thu, 29 May 2025 21:04:13 GMT', 'Accept-Ranges': 'bytes', 'ETag': '"4427153bddd0db1:0"', 'Server': 'Microsoft-IIS/8.5', 'X-Powered-By': 'ASP.NET', 'X-Powered-By-Plesk': 'PleskWin', 'Date': 'Fri, 30 May 2025 11:00:03 GMT', 'Content-Length': '1080094'}
✅ 최적화 저장 완료: 상품 6320건
✅ [IT-R-01] 전송 완료 - 성공: 4221개 / 실패: 2460개
✅ 완료: 수집 6320개 / 등록 4221개
✅ 2025-05-30 20:05:22 - 작업 완료
------------------------------
🛑 작업이 이미 실행 중입니다.
